<html xmlns:math="http://exslt.org/math" xmlns:testng="http://testng.org">
   <head>
      <title>TestNG Results</title>
      <meta http-equiv="content-type" content="text/html; charset=utf-8"></meta>
      <meta http-equiv="pragma" content="no-cache"></meta>
      <meta http-equiv="cache-control" content="max-age=0"></meta>
      <meta http-equiv="cache-control" content="no-cache"></meta>
      <meta http-equiv="cache-control" content="no-store"></meta>
      <LINK rel="stylesheet" href="style.css"></LINK>
      <script type="text/javascript" src="main.js"></script>
   </head>
   <body>
      <table width="100%" style="font-size: 16px; margin-bottom: 10px;" cellspacing="1">
         <tr>
            <td width="100%">
               All methods in suite
               
               <b>Suite</b>
            </td>
            <td style="background-color: #FFBBBB; padding: 3px 3px 3px 0;" align="center">
               <div style="width: 50px;">7</div>
            </td>
            <td style="background-color: lightgreen; padding: 3px 3px 3px 0;" align="center">
               <div style="width: 50px;">8</div>
            </td>
            <td style="background-color: #FFFFBB; padding: 3px 3px 3px 0;" align="center">
               <div style="width: 50px;">0</div>
            </td>
            <td align="center" style="background-color: #eaf0f7; padding: 3px 3px 3px 0;">
               <div style="width: 50px;">15</div>
            </td>
            <td align="center"
                style="font-weight: bold; background-color: #eaf0f7; padding: 3px 3px 3px 0;">
               <div style="width: 50px;">53%</div>
            </td>
            <td style="background-color: #eaf0f7; padding: 3px 3px 3px 0;" align="center"
                nowrap="true">2m
               51s
               
            </td>
         </tr>
      </table>
      <div style="width: 200px;">
         <label for="groupMethodsCheckBox" style="font-weight: bold; margin: 0;">
            <input id="groupMethodsCheckBox" type="checkbox" onclick="switchTestMethodsView(this)"></input>
            Group by class
            
         </label>
         <br></br>
         <label for="methodsFilter_ALL" style="font-weight: bold; margin: 0;">
            <input id="methodsFilter_ALL" type="checkbox"
                   onclick="testMethodsFilterChanged(this, 'ALL')"></input>
            All
            
         </label>
      </div>
      <label for="methodsFilter_FAIL" style="margin-left: 20px;">
         <input id="methodsFilter_FAIL" type="checkbox"
                onclick="testMethodsFilterChanged(this, 'FAIL')"
                checked=""></input>
         Failed
         
      </label>
      <label for="methodsFilter_PASS">
         <input id="methodsFilter_PASS" type="checkbox"
                onclick="testMethodsFilterChanged(this, 'PASS')"
                checked=""></input>
         Passed
         
      </label>
      <label for="methodsFilter_SKIP">
         <input id="methodsFilter_SKIP" type="checkbox"
                onclick="testMethodsFilterChanged(this, 'SKIP')"
                checked=""></input>
         Skipped
         
      </label>
      <label for="methodsFilter_CONF">
         <input id="methodsFilter_CONF" type="checkbox"
                onclick="testMethodsFilterChanged(this, 'CONF')"></input>
         Config
         
      </label>
      <br></br>
      <div id="testMethodsByStatus">
         <table class="testMethodsTable" cellpadding="0" cellspacing="0">
            <tr class="methodsTableHeader">
               <td width="100%">Name</td>
               <td nowrap="true">Started</td>
               <td nowrap="true">Duration</td>
               <td>Exception</td>
            </tr>
            <tr id="com.adactin.Testcases.TestCase116_CompareBookedWithItenary_byStatus_failed_FAIL1_row"
                class="testMethodStatusFAIL">
               <td width="100%" class="firstMethodCell">
                  <a onclick="toggleDetailsVisibility('com.adactin.Testcases.TestCase116_CompareBookedWithItenary_byStatus_failed_FAIL1_details')">CompareBookedWithItenary({BillingAddr=54 Mons road, FirstName=Johan, CVV=123.0, LastName=Cors, CreditCardNo=1.23456781234567E15,
                     CreditCardType=VISA, ExpiryYear=2017.0, ExpiryMonth=March})
                  </a>
               </td>
               <td nowrap="true">20:17:43</td>
               <td nowrap="true" align="right">11s
                  
               </td>
               <td nowrap="true">
                  <a onclick="toggleDetailsVisibility('com.adactin.Testcases.TestCase116_CompareBookedWithItenary_byStatus_failed_FAIL1_exception')">java.lang.AssertionError: 
                     The following asserts failed:
                     	Rooms does not match:Bookdetails=1 Room(s) Itenarydetails=1 Rooms expected [true] but found [false],
                     	Last name does not match:Bookdetails= Itenarydetails=Cors expected [true] but found [false],
                     	Room type does not match:Bookdetails=Deluxe Itenarydetails=Double expected [true] but found [false],
                     	Total price with gst does not match:Bookdetails=AUD $ 753.5 Itenarydetails=AUD $ 754 expected [true] but found [false]
                     
                  </a>
                   
                  
               </td>
            </tr>
            <tr>
               <td colspan="4" class="detailsBox">
                  <div id="com.adactin.Testcases.TestCase116_CompareBookedWithItenary_byStatus_failed_FAIL1_details"
                       class="testMethodDetails">
                     <div>
                        <b>Name: </b>CompareBookedWithItenary
                     </div>
                     <div>
                        <b>Signature: </b>CompareBookedWithItenary(java.util.Hashtable)[pri:2, instance:com.adactin.Testcases.TestCase116@727eb8cb]
                     </div>
                     <div>
                        <b>Parameters: </b>
                        
                        {BillingAddr=54 Mons road, FirstName=Johan, CVV=123.0, LastName=Cors, CreditCardNo=1.23456781234567E15, CreditCardType=VISA,
                        ExpiryYear=2017.0, ExpiryMonth=March}
                        
                        
                     </div>
                     <div>
                        <b>Start time: </b>20:17:43
                     </div>
                     <div>
                        <b>End time: </b>20:17:55
                     </div>
                     <div>
                        <b>Duration: </b>11s
                        
                     </div>
                  </div>
               </td>
            </tr>
            <tr>
               <td colspan="4" class="detailsBox">
                  <div id="com.adactin.Testcases.TestCase116_CompareBookedWithItenary_byStatus_failed_FAIL1_exception"
                       class="testMethodDetails">
                     <pre style="padding: 5px; margin: 0;">java.lang.AssertionError: The following asserts failed:
                        	Rooms does not match:Bookdetails=1 Room(s) Itenarydetails=1 Rooms expected [true] but found [false],
                        	Last name does not match:Bookdetails= Itenarydetails=Cors expected [true] but found [false],
                        	Room type does not match:Bookdetails=Deluxe Itenarydetails=Double expected [true] but found [false],
                        	Total price with gst does not match:Bookdetails=AUD $ 753.5 Itenarydetails=AUD $ 754 expected [true] but found [false]
                        	at org.testng.asserts.SoftAssert.assertAll(SoftAssert.java:43)
                        	at com.adactin.Testcases.TestCase116.CompareBookedWithItenary(TestCase116.java:85)
                        	at sun.reflect.NativeMethodAccessorImpl.invoke0(Native Method)
                        	at sun.reflect.NativeMethodAccessorImpl.invoke(Unknown Source)
                        	at sun.reflect.DelegatingMethodAccessorImpl.invoke(Unknown Source)
                        	at java.lang.reflect.Method.invoke(Unknown Source)
                        	at org.testng.internal.MethodInvocationHelper.invokeMethod(MethodInvocationHelper.java:100)
                        	at org.testng.internal.Invoker.invokeMethod(Invoker.java:646)
                        	at org.testng.internal.Invoker.invokeTestMethod(Invoker.java:811)
                        	at org.testng.internal.Invoker.invokeTestMethods(Invoker.java:1129)
                        	at org.testng.internal.TestMethodWorker.invokeTestMethods(TestMethodWorker.java:129)
                        	at org.testng.internal.TestMethodWorker.run(TestMethodWorker.java:112)
                        	at org.testng.TestRunner.privateRun(TestRunner.java:746)
                        	at org.testng.TestRunner.run(TestRunner.java:600)
                        	at org.testng.SuiteRunner.runTest(SuiteRunner.java:366)
                        	at org.testng.SuiteRunner.runSequentially(SuiteRunner.java:361)
                        	at org.testng.SuiteRunner.privateRun(SuiteRunner.java:319)
                        	at org.testng.SuiteRunner.run(SuiteRunner.java:268)
                        	at org.testng.SuiteRunnerWorker.runSuite(SuiteRunnerWorker.java:52)
                        	at org.testng.SuiteRunnerWorker.run(SuiteRunnerWorker.java:86)
                        	at org.testng.TestNG.runSuitesSequentially(TestNG.java:1264)
                        	at org.testng.TestNG.runSuitesLocally(TestNG.java:1189)
                        	at org.testng.TestNG.runSuites(TestNG.java:1104)
                        	at org.testng.TestNG.run(TestNG.java:1076)
                        	at org.testng.TestNG.privateMain(TestNG.java:1405)
                        	at org.testng.TestNG.main(TestNG.java:1374)
                     </pre>
                  </div>
               </td>
            </tr>
            <tr id="com.adactin.Testcases.TestCase101_Teardown_byStatus_failed_FAIL2_row"
                class="testMethodStatusFAIL testMethodStatusCONF">
               <td width="100%" class="firstMethodCell">
                  <a onclick="toggleDetailsVisibility('com.adactin.Testcases.TestCase101_Teardown_byStatus_failed_FAIL2_details')">Teardown()</a>
               </td>
               <td nowrap="true">20:18:41</td>
               <td nowrap="true" align="right">0 ms
                  
               </td>
               <td nowrap="true">
                  <a onclick="toggleDetailsVisibility('com.adactin.Testcases.TestCase101_Teardown_byStatus_failed_FAIL2_exception')">org.openqa.selenium.remote.SessionNotFoundException: 
                     no such session
                     (Driver info: chromedriver=2.8.241075,platform=Windows NT 6.3 x86_64) (WARNING: The server did not provide any stacktrace
                     information)
                     Command duration or timeout: 168 milliseconds
                     Build info: version: '2.45.0', revision: '5017cb8', time: '2015-02-27 00:00:10'
                     System info: host: 'DESKTOP-7I28866', ip: '192.168.2.12', os.name: 'Windows 10', os.arch: 'amd64', os.version: '10.0', java.version:
                     '1.8.0_91'
                     Driver info: org.openqa.selenium.chrome.ChromeDriver
                     Capabilities [{applicationCacheEnabled=false, rotatable=false, chrome={userDataDir=C:\Users\sijoy\AppData\Local\Temp\scoped_dir4272_10143},
                     takesHeapSnapshot=true, databaseEnabled=false, handlesAlerts=true, version=51.0.2704.106, platform=XP, browserConnectionEnabled=false,
                     nativeEvents=true, acceptSslCerts=true, locationContextEnabled=true, webStorageEnabled=true, browserName=chrome, takesScreenshot=true,
                     javascriptEnabled=true, cssSelectorsEnabled=true}]
                     Session ID: 6cb2914bbcb13baca4394633e58bb836
                     
                  </a>
                   
                  
               </td>
            </tr>
            <tr>
               <td colspan="4" class="detailsBox">
                  <div id="com.adactin.Testcases.TestCase101_Teardown_byStatus_failed_FAIL2_details"
                       class="testMethodDetails">
                     <div>
                        <b>Name: </b>Teardown
                     </div>
                     <div>
                        <b>Signature: </b>Teardown()[pri:0, instance:com.adactin.Testcases.TestCase102@7357a011]
                     </div>
                     <div>
                        <b>Start time: </b>20:18:41
                     </div>
                     <div>
                        <b>End time: </b>20:18:41
                     </div>
                     <div>
                        <b>Duration: </b>0 ms
                        
                     </div>
                  </div>
               </td>
            </tr>
            <tr>
               <td colspan="4" class="detailsBox">
                  <div id="com.adactin.Testcases.TestCase101_Teardown_byStatus_failed_FAIL2_exception"
                       class="testMethodDetails">
                     <pre style="padding: 5px; margin: 0;">org.openqa.selenium.remote.SessionNotFoundException: no such session
                        (Driver info: chromedriver=2.8.241075,platform=Windows NT 6.3 x86_64) (WARNING: The server did not provide any stacktrace
                        information)
                        Command duration or timeout: 168 milliseconds
                        Build info: version: '2.45.0', revision: '5017cb8', time: '2015-02-27 00:00:10'
                        System info: host: 'DESKTOP-7I28866', ip: '192.168.2.12', os.name: 'Windows 10', os.arch: 'amd64', os.version: '10.0', java.version:
                        '1.8.0_91'
                        Driver info: org.openqa.selenium.chrome.ChromeDriver
                        Capabilities [{applicationCacheEnabled=false, rotatable=false, chrome={userDataDir=C:\Users\sijoy\AppData\Local\Temp\scoped_dir4272_10143},
                        takesHeapSnapshot=true, databaseEnabled=false, handlesAlerts=true, version=51.0.2704.106, platform=XP, browserConnectionEnabled=false,
                        nativeEvents=true, acceptSslCerts=true, locationContextEnabled=true, webStorageEnabled=true, browserName=chrome, takesScreenshot=true,
                        javascriptEnabled=true, cssSelectorsEnabled=true}]
                        Session ID: 6cb2914bbcb13baca4394633e58bb836
                        	at sun.reflect.NativeConstructorAccessorImpl.newInstance0(Native Method)
                        	at sun.reflect.NativeConstructorAccessorImpl.newInstance(Unknown Source)
                        	at sun.reflect.DelegatingConstructorAccessorImpl.newInstance(Unknown Source)
                        	at java.lang.reflect.Constructor.newInstance(Unknown Source)
                        	at org.openqa.selenium.remote.ErrorHandler.createThrowable(ErrorHandler.java:204)
                        	at org.openqa.selenium.remote.ErrorHandler.throwIfResponseFailed(ErrorHandler.java:162)
                        	at org.openqa.selenium.remote.RemoteWebDriver.execute(RemoteWebDriver.java:599)
                        	at org.openqa.selenium.remote.RemoteWebDriver.execute(RemoteWebDriver.java:622)
                        	at org.openqa.selenium.remote.RemoteWebDriver.close(RemoteWebDriver.java:463)
                        	at com.adactin.Testcases.TestCase102.Teardown(TestCase102.java:89)
                        	at sun.reflect.NativeMethodAccessorImpl.invoke0(Native Method)
                        	at sun.reflect.NativeMethodAccessorImpl.invoke(Unknown Source)
                        	at sun.reflect.DelegatingMethodAccessorImpl.invoke(Unknown Source)
                        	at java.lang.reflect.Method.invoke(Unknown Source)
                        	at org.testng.internal.MethodInvocationHelper.invokeMethod(MethodInvocationHelper.java:100)
                        	at org.testng.internal.Invoker.invokeConfigurationMethod(Invoker.java:515)
                        	at org.testng.internal.Invoker.invokeConfigurations(Invoker.java:216)
                        	at org.testng.internal.Invoker.invokeConfigurations(Invoker.java:143)
                        	at org.testng.TestRunner.afterRun(TestRunner.java:973)
                        	at org.testng.TestRunner.run(TestRunner.java:604)
                        	at org.testng.SuiteRunner.runTest(SuiteRunner.java:366)
                        	at org.testng.SuiteRunner.runSequentially(SuiteRunner.java:361)
                        	at org.testng.SuiteRunner.privateRun(SuiteRunner.java:319)
                        	at org.testng.SuiteRunner.run(SuiteRunner.java:268)
                        	at org.testng.SuiteRunnerWorker.runSuite(SuiteRunnerWorker.java:52)
                        	at org.testng.SuiteRunnerWorker.run(SuiteRunnerWorker.java:86)
                        	at org.testng.TestNG.runSuitesSequentially(TestNG.java:1264)
                        	at org.testng.TestNG.runSuitesLocally(TestNG.java:1189)
                        	at org.testng.TestNG.runSuites(TestNG.java:1104)
                        	at org.testng.TestNG.run(TestNG.java:1076)
                        	at org.testng.TestNG.privateMain(TestNG.java:1405)
                        	at org.testng.TestNG.main(TestNG.java:1374)
                     </pre>
                  </div>
               </td>
            </tr>
            <tr id="com.adactin.Testcases.TestCase112_PriceWithGSTValidation_byStatus_failed_FAIL3_row"
                class="testMethodStatusFAIL">
               <td width="100%" class="firstMethodCell">
                  <a onclick="toggleDetailsVisibility('com.adactin.Testcases.TestCase112_PriceWithGSTValidation_byStatus_failed_FAIL3_details')">PriceWithGSTValidation({CheckInDate="15/05/2016", Location=Sydney, ChildrenperRoom=2 - Two, CheckOutDate="18/05/2016", RoomType=Double,
                     AdultsperRoom=4 - Four, Numberroom=1-One, Hotels=Hotel Creek})
                  </a>
               </td>
               <td nowrap="true">20:17:15</td>
               <td nowrap="true" align="right">4s
                  
               </td>
               <td nowrap="true">
                  <a onclick="toggleDetailsVisibility('com.adactin.Testcases.TestCase112_PriceWithGSTValidation_byStatus_failed_FAIL3_exception')">java.lang.AssertionError: 
                     Final Billed Price calculated is not proper.Actual Price:AUD $ 753.5 Expected Price:AUD $742.5 expected [true] but found [false]
                     
                  </a>
                   
                  
               </td>
            </tr>
            <tr>
               <td colspan="4" class="detailsBox">
                  <div id="com.adactin.Testcases.TestCase112_PriceWithGSTValidation_byStatus_failed_FAIL3_details"
                       class="testMethodDetails">
                     <div>
                        <b>Name: </b>PriceWithGSTValidation
                     </div>
                     <div>
                        <b>Signature: </b>PriceWithGSTValidation(java.util.Hashtable)[pri:0, instance:com.adactin.Testcases.TestCase112@4eaf3684]
                     </div>
                     <div>
                        <b>Parameters: </b>
                        
                        {CheckInDate="15/05/2016", Location=Sydney, ChildrenperRoom=2 - Two, CheckOutDate="18/05/2016", RoomType=Double, AdultsperRoom=4
                        - Four, Numberroom=1-One, Hotels=Hotel Creek}
                        
                        
                     </div>
                     <div>
                        <b>Start time: </b>20:17:15
                     </div>
                     <div>
                        <b>End time: </b>20:17:20
                     </div>
                     <div>
                        <b>Duration: </b>4s
                        
                     </div>
                  </div>
               </td>
            </tr>
            <tr>
               <td colspan="4" class="detailsBox">
                  <div id="com.adactin.Testcases.TestCase112_PriceWithGSTValidation_byStatus_failed_FAIL3_exception"
                       class="testMethodDetails">
                     <pre style="padding: 5px; margin: 0;">java.lang.AssertionError: Final Billed Price calculated is not proper.Actual Price:AUD $ 753.5 Expected Price:AUD $742.5 expected
                        [true] but found [false]
                        	at org.testng.Assert.fail(Assert.java:94)
                        	at org.testng.Assert.failNotEquals(Assert.java:513)
                        	at org.testng.Assert.assertTrue(Assert.java:42)
                        	at com.adactin.Testcases.TestCase112.PriceWithGSTValidation(TestCase112.java:48)
                        	at sun.reflect.NativeMethodAccessorImpl.invoke0(Native Method)
                        	at sun.reflect.NativeMethodAccessorImpl.invoke(Unknown Source)
                        	at sun.reflect.DelegatingMethodAccessorImpl.invoke(Unknown Source)
                        	at java.lang.reflect.Method.invoke(Unknown Source)
                        	at org.testng.internal.MethodInvocationHelper.invokeMethod(MethodInvocationHelper.java:100)
                        	at org.testng.internal.Invoker.invokeMethod(Invoker.java:646)
                        	at org.testng.internal.Invoker.invokeTestMethod(Invoker.java:811)
                        	at org.testng.internal.Invoker.invokeTestMethods(Invoker.java:1129)
                        	at org.testng.internal.TestMethodWorker.invokeTestMethods(TestMethodWorker.java:129)
                        	at org.testng.internal.TestMethodWorker.run(TestMethodWorker.java:112)
                        	at org.testng.TestRunner.privateRun(TestRunner.java:746)
                        	at org.testng.TestRunner.run(TestRunner.java:600)
                        	at org.testng.SuiteRunner.runTest(SuiteRunner.java:366)
                        	at org.testng.SuiteRunner.runSequentially(SuiteRunner.java:361)
                        	at org.testng.SuiteRunner.privateRun(SuiteRunner.java:319)
                        	at org.testng.SuiteRunner.run(SuiteRunner.java:268)
                        	at org.testng.SuiteRunnerWorker.runSuite(SuiteRunnerWorker.java:52)
                        	at org.testng.SuiteRunnerWorker.run(SuiteRunnerWorker.java:86)
                        	at org.testng.TestNG.runSuitesSequentially(TestNG.java:1264)
                        	at org.testng.TestNG.runSuitesLocally(TestNG.java:1189)
                        	at org.testng.TestNG.runSuites(TestNG.java:1104)
                        	at org.testng.TestNG.run(TestNG.java:1076)
                        	at org.testng.TestNG.privateMain(TestNG.java:1405)
                        	at org.testng.TestNG.main(TestNG.java:1374)
                     </pre>
                  </div>
               </td>
            </tr>
            <tr id="com.adactin.Testcases.TestCase113_PastDateEntry_byStatus_failed_FAIL4_row"
                class="testMethodStatusFAIL">
               <td width="100%" class="firstMethodCell">
                  <a onclick="toggleDetailsVisibility('com.adactin.Testcases.TestCase113_PastDateEntry_byStatus_failed_FAIL4_details')">PastDateEntry({CheckInDate="15/05/2016", Location=Sydney, ChildrenperRoom=2 - Two, CheckOutDate="18/05/2016", RoomType=Double,
                     AdultsperRoom=4 - Four, Numberroom=1-One, Hotels=Hotel Creek})
                  </a>
               </td>
               <td nowrap="true">20:17:20</td>
               <td nowrap="true" align="right">4s
                  
               </td>
               <td nowrap="true">
                  <a onclick="toggleDetailsVisibility('com.adactin.Testcases.TestCase113_PastDateEntry_byStatus_failed_FAIL4_exception')">java.lang.AssertionError: 
                     1 Rooms is expected and actual result is 1 Room(s) expected [true] but found [false]
                     
                  </a>
                   
                  
               </td>
            </tr>
            <tr>
               <td colspan="4" class="detailsBox">
                  <div id="com.adactin.Testcases.TestCase113_PastDateEntry_byStatus_failed_FAIL4_details"
                       class="testMethodDetails">
                     <div>
                        <b>Name: </b>PastDateEntry
                     </div>
                     <div>
                        <b>Signature: </b>PastDateEntry(java.util.Hashtable)[pri:0, instance:com.adactin.Testcases.TestCase113@40317ba2]
                     </div>
                     <div>
                        <b>Parameters: </b>
                        
                        {CheckInDate="15/05/2016", Location=Sydney, ChildrenperRoom=2 - Two, CheckOutDate="18/05/2016", RoomType=Double, AdultsperRoom=4
                        - Four, Numberroom=1-One, Hotels=Hotel Creek}
                        
                        
                     </div>
                     <div>
                        <b>Start time: </b>20:17:20
                     </div>
                     <div>
                        <b>End time: </b>20:17:24
                     </div>
                     <div>
                        <b>Duration: </b>4s
                        
                     </div>
                  </div>
               </td>
            </tr>
            <tr>
               <td colspan="4" class="detailsBox">
                  <div id="com.adactin.Testcases.TestCase113_PastDateEntry_byStatus_failed_FAIL4_exception"
                       class="testMethodDetails">
                     <pre style="padding: 5px; margin: 0;">java.lang.AssertionError: 1 Rooms is expected and actual result is 1 Room(s) expected [true] but found [false]
                        	at org.testng.Assert.fail(Assert.java:94)
                        	at org.testng.Assert.failNotEquals(Assert.java:513)
                        	at org.testng.Assert.assertTrue(Assert.java:42)
                        	at com.adactin.Testcases.TestCase113.PastDateEntry(TestCase113.java:63)
                        	at sun.reflect.NativeMethodAccessorImpl.invoke0(Native Method)
                        	at sun.reflect.NativeMethodAccessorImpl.invoke(Unknown Source)
                        	at sun.reflect.DelegatingMethodAccessorImpl.invoke(Unknown Source)
                        	at java.lang.reflect.Method.invoke(Unknown Source)
                        	at org.testng.internal.MethodInvocationHelper.invokeMethod(MethodInvocationHelper.java:100)
                        	at org.testng.internal.Invoker.invokeMethod(Invoker.java:646)
                        	at org.testng.internal.Invoker.invokeTestMethod(Invoker.java:811)
                        	at org.testng.internal.Invoker.invokeTestMethods(Invoker.java:1129)
                        	at org.testng.internal.TestMethodWorker.invokeTestMethods(TestMethodWorker.java:129)
                        	at org.testng.internal.TestMethodWorker.run(TestMethodWorker.java:112)
                        	at org.testng.TestRunner.privateRun(TestRunner.java:746)
                        	at org.testng.TestRunner.run(TestRunner.java:600)
                        	at org.testng.SuiteRunner.runTest(SuiteRunner.java:366)
                        	at org.testng.SuiteRunner.runSequentially(SuiteRunner.java:361)
                        	at org.testng.SuiteRunner.privateRun(SuiteRunner.java:319)
                        	at org.testng.SuiteRunner.run(SuiteRunner.java:268)
                        	at org.testng.SuiteRunnerWorker.runSuite(SuiteRunnerWorker.java:52)
                        	at org.testng.SuiteRunnerWorker.run(SuiteRunnerWorker.java:86)
                        	at org.testng.TestNG.runSuitesSequentially(TestNG.java:1264)
                        	at org.testng.TestNG.runSuitesLocally(TestNG.java:1189)
                        	at org.testng.TestNG.runSuites(TestNG.java:1104)
                        	at org.testng.TestNG.run(TestNG.java:1076)
                        	at org.testng.TestNG.privateMain(TestNG.java:1405)
                        	at org.testng.TestNG.main(TestNG.java:1374)
                     </pre>
                  </div>
               </td>
            </tr>
            <tr id="com.adactin.Testcases.TestCase103_PastDateEntry_byStatus_failed_FAIL5_row"
                class="testMethodStatusFAIL">
               <td width="100%" class="firstMethodCell">
                  <a onclick="toggleDetailsVisibility('com.adactin.Testcases.TestCase103_PastDateEntry_byStatus_failed_FAIL5_details')">PastDateEntry({Numberroom=1-One, CheckInDate="11/05/2015", CheckOutDate="12/05/2015", Location=Sydney, Hotels=Hotel Creek,
                     Expected_massage=Enter Valid dates, AdultsperRoom=4 - Four, ChildrenperRoom=2 - Two, RoomType=Double})
                  </a>
               </td>
               <td nowrap="true">20:16:59</td>
               <td nowrap="true" align="right">5s
                  
               </td>
               <td nowrap="true">
                  <a onclick="toggleDetailsVisibility('com.adactin.Testcases.TestCase103_PastDateEntry_byStatus_failed_FAIL5_exception')">java.lang.AssertionError: 
                     Error message not displayed even if dates are already past
                     
                  </a>
                   
                  
               </td>
            </tr>
            <tr>
               <td colspan="4" class="detailsBox">
                  <div id="com.adactin.Testcases.TestCase103_PastDateEntry_byStatus_failed_FAIL5_details"
                       class="testMethodDetails">
                     <div>
                        <b>Name: </b>PastDateEntry
                     </div>
                     <div>
                        <b>Signature: </b>PastDateEntry(java.util.Hashtable)[pri:0, instance:com.adactin.Testcases.TestCase103@3406472c]
                     </div>
                     <div>
                        <b>Parameters: </b>
                        
                        {Numberroom=1-One, CheckInDate="11/05/2015", CheckOutDate="12/05/2015", Location=Sydney, Hotels=Hotel Creek, Expected_massage=Enter
                        Valid dates, AdultsperRoom=4 - Four, ChildrenperRoom=2 - Two, RoomType=Double}
                        
                        
                     </div>
                     <div>
                        <b>Start time: </b>20:16:59
                     </div>
                     <div>
                        <b>End time: </b>20:17:04
                     </div>
                     <div>
                        <b>Duration: </b>5s
                        
                     </div>
                  </div>
               </td>
            </tr>
            <tr>
               <td colspan="4" class="detailsBox">
                  <div id="com.adactin.Testcases.TestCase103_PastDateEntry_byStatus_failed_FAIL5_exception"
                       class="testMethodDetails">
                     <pre style="padding: 5px; margin: 0;">java.lang.AssertionError: Error message not displayed even if dates are already past
                        	at org.junit.Assert.fail(Assert.java:88)
                        	at org.junit.Assert.assertTrue(Assert.java:41)
                        	at com.adactin.Testcases.TestCase103.PastDateEntry(TestCase103.java:65)
                        	at sun.reflect.NativeMethodAccessorImpl.invoke0(Native Method)
                        	at sun.reflect.NativeMethodAccessorImpl.invoke(Unknown Source)
                        	at sun.reflect.DelegatingMethodAccessorImpl.invoke(Unknown Source)
                        	at java.lang.reflect.Method.invoke(Unknown Source)
                        	at org.testng.internal.MethodInvocationHelper.invokeMethod(MethodInvocationHelper.java:100)
                        	at org.testng.internal.Invoker.invokeMethod(Invoker.java:646)
                        	at org.testng.internal.Invoker.invokeTestMethod(Invoker.java:811)
                        	at org.testng.internal.Invoker.invokeTestMethods(Invoker.java:1129)
                        	at org.testng.internal.TestMethodWorker.invokeTestMethods(TestMethodWorker.java:129)
                        	at org.testng.internal.TestMethodWorker.run(TestMethodWorker.java:112)
                        	at org.testng.TestRunner.privateRun(TestRunner.java:746)
                        	at org.testng.TestRunner.run(TestRunner.java:600)
                        	at org.testng.SuiteRunner.runTest(SuiteRunner.java:366)
                        	at org.testng.SuiteRunner.runSequentially(SuiteRunner.java:361)
                        	at org.testng.SuiteRunner.privateRun(SuiteRunner.java:319)
                        	at org.testng.SuiteRunner.run(SuiteRunner.java:268)
                        	at org.testng.SuiteRunnerWorker.runSuite(SuiteRunnerWorker.java:52)
                        	at org.testng.SuiteRunnerWorker.run(SuiteRunnerWorker.java:86)
                        	at org.testng.TestNG.runSuitesSequentially(TestNG.java:1264)
                        	at org.testng.TestNG.runSuitesLocally(TestNG.java:1189)
                        	at org.testng.TestNG.runSuites(TestNG.java:1104)
                        	at org.testng.TestNG.run(TestNG.java:1076)
                        	at org.testng.TestNG.privateMain(TestNG.java:1405)
                        	at org.testng.TestNG.main(TestNG.java:1374)
                     </pre>
                  </div>
               </td>
            </tr>
            <tr id="com.adactin.Testcases.TestCase104_ValidationOfData_byStatus_failed_FAIL6_row"
                class="testMethodStatusFAIL">
               <td width="100%" class="firstMethodCell">
                  <a onclick="toggleDetailsVisibility('com.adactin.Testcases.TestCase104_ValidationOfData_byStatus_failed_FAIL6_details')">ValidationOfData({CheckInDate="15/05/2016", Location=Sydney, ChildrenperRoom=2 - Two, CheckOutDate="18/05/2016", RoomType=Double,
                     AdultsperRoom=4 - Four, Numberroom=1-One, Hotels=Hotel Creek})
                  </a>
               </td>
               <td nowrap="true">20:17:04</td>
               <td nowrap="true" align="right">4s
                  
               </td>
               <td nowrap="true">
                  <a onclick="toggleDetailsVisibility('com.adactin.Testcases.TestCase104_ValidationOfData_byStatus_failed_FAIL6_exception')">java.lang.AssertionError: 
                     The following asserts failed:
                     	Total Price calculated is not proper.Actual Price:AUD $ 685 Expected Price:AUD $675 expected [true] but found [false]
                     
                  </a>
                   
                  
               </td>
            </tr>
            <tr>
               <td colspan="4" class="detailsBox">
                  <div id="com.adactin.Testcases.TestCase104_ValidationOfData_byStatus_failed_FAIL6_details"
                       class="testMethodDetails">
                     <div>
                        <b>Name: </b>ValidationOfData
                     </div>
                     <div>
                        <b>Signature: </b>ValidationOfData(java.util.Hashtable)[pri:0, instance:com.adactin.Testcases.TestCase104@5717c37]
                     </div>
                     <div>
                        <b>Parameters: </b>
                        
                        {CheckInDate="15/05/2016", Location=Sydney, ChildrenperRoom=2 - Two, CheckOutDate="18/05/2016", RoomType=Double, AdultsperRoom=4
                        - Four, Numberroom=1-One, Hotels=Hotel Creek}
                        
                        
                     </div>
                     <div>
                        <b>Start time: </b>20:17:04
                     </div>
                     <div>
                        <b>End time: </b>20:17:08
                     </div>
                     <div>
                        <b>Duration: </b>4s
                        
                     </div>
                  </div>
               </td>
            </tr>
            <tr>
               <td colspan="4" class="detailsBox">
                  <div id="com.adactin.Testcases.TestCase104_ValidationOfData_byStatus_failed_FAIL6_exception"
                       class="testMethodDetails">
                     <pre style="padding: 5px; margin: 0;">java.lang.AssertionError: The following asserts failed:
                        	Total Price calculated is not proper.Actual Price:AUD $ 685 Expected Price:AUD $675 expected [true] but found [false]
                        	at org.testng.asserts.SoftAssert.assertAll(SoftAssert.java:43)
                        	at com.adactin.Testcases.TestCase104.ValidationOfData(TestCase104.java:56)
                        	at sun.reflect.NativeMethodAccessorImpl.invoke0(Native Method)
                        	at sun.reflect.NativeMethodAccessorImpl.invoke(Unknown Source)
                        	at sun.reflect.DelegatingMethodAccessorImpl.invoke(Unknown Source)
                        	at java.lang.reflect.Method.invoke(Unknown Source)
                        	at org.testng.internal.MethodInvocationHelper.invokeMethod(MethodInvocationHelper.java:100)
                        	at org.testng.internal.Invoker.invokeMethod(Invoker.java:646)
                        	at org.testng.internal.Invoker.invokeTestMethod(Invoker.java:811)
                        	at org.testng.internal.Invoker.invokeTestMethods(Invoker.java:1129)
                        	at org.testng.internal.TestMethodWorker.invokeTestMethods(TestMethodWorker.java:129)
                        	at org.testng.internal.TestMethodWorker.run(TestMethodWorker.java:112)
                        	at org.testng.TestRunner.privateRun(TestRunner.java:746)
                        	at org.testng.TestRunner.run(TestRunner.java:600)
                        	at org.testng.SuiteRunner.runTest(SuiteRunner.java:366)
                        	at org.testng.SuiteRunner.runSequentially(SuiteRunner.java:361)
                        	at org.testng.SuiteRunner.privateRun(SuiteRunner.java:319)
                        	at org.testng.SuiteRunner.run(SuiteRunner.java:268)
                        	at org.testng.SuiteRunnerWorker.runSuite(SuiteRunnerWorker.java:52)
                        	at org.testng.SuiteRunnerWorker.run(SuiteRunnerWorker.java:86)
                        	at org.testng.TestNG.runSuitesSequentially(TestNG.java:1264)
                        	at org.testng.TestNG.runSuitesLocally(TestNG.java:1189)
                        	at org.testng.TestNG.runSuites(TestNG.java:1104)
                        	at org.testng.TestNG.run(TestNG.java:1076)
                        	at org.testng.TestNG.privateMain(TestNG.java:1405)
                        	at org.testng.TestNG.main(TestNG.java:1374)
                     </pre>
                  </div>
               </td>
            </tr>
            <tr id="com.adactin.Testcases.TestCase115_loginandSearchhotels_byStatus_failed_FAIL7_row"
                class="testMethodStatusFAIL">
               <td width="100%" class="firstMethodCell">
                  <a onclick="toggleDetailsVisibility('com.adactin.Testcases.TestCase115_loginandSearchhotels_byStatus_failed_FAIL7_details')">loginandSearchhotels({OrderNumber=Cancel LI5R917TTA})</a>
               </td>
               <td nowrap="true">20:17:35</td>
               <td nowrap="true" align="right">5s
                  
               </td>
               <td nowrap="true">
                  <a onclick="toggleDetailsVisibility('com.adactin.Testcases.TestCase115_loginandSearchhotels_byStatus_failed_FAIL7_exception')">java.lang.AssertionError: 
                     The following asserts failed:
                     	The iternary details for the order: Cancel LI5R917TTA are ediatble for the field 18/05/2016 expected [false] but found [true],
                     	The iternary details for the order: Cancel LI5R917TTA are ediatble for the field LI5R917TTA expected [false] but found [true],
                     	The iternary details for the order: Cancel LI5R917TTA are ediatble for the field 1 Rooms expected [false] but found [true],
                     	The iternary details for the order: Cancel LI5R917TTA are ediatble for the field Cors expected [false] but found [true],
                     	The iternary details for the order: Cancel LI5R917TTA are ediatble for the field Double expected [false] but found [true],
                     	The iternary details for the order: Cancel LI5R917TTA are ediatble for the field 3 Days expected [false] but found [true],
                     	The iternary details for the order: Cancel LI5R917TTA are ediatble for the field Hotel Creek expected [false] but found [true],
                     	The iternary details for the order: Cancel LI5R917TTA are ediatble for the field Johan expected [false] but found [true],
                     	The iternary details for the order: Cancel LI5R917TTA are ediatble for the field 15/05/2016 expected [false] but found [true],
                     	The iternary details for the order: Cancel LI5R917TTA are ediatble for the field AUD $ 225 expected [false] but found [true],
                     	The iternary details for the order: Cancel LI5R917TTA are ediatble for the field 142997 expected [false] but found [true],
                     	The iternary details for the order: Cancel LI5R917TTA are ediatble for the field AUD $ 754 expected [false] but found [true],
                     	The iternary details for the order: Cancel LI5R917TTA are ediatble for the field Cancel LI5R917TTA expected [false] but found
                     [true],
                     	The iternary details for the order: Cancel LI5R917TTA are ediatble for the field Sydney expected [false] but found [true]
                     
                  </a>
                   
                  
               </td>
            </tr>
            <tr>
               <td colspan="4" class="detailsBox">
                  <div id="com.adactin.Testcases.TestCase115_loginandSearchhotels_byStatus_failed_FAIL7_details"
                       class="testMethodDetails">
                     <div>
                        <b>Name: </b>loginandSearchhotels
                     </div>
                     <div>
                        <b>Signature: </b>loginandSearchhotels(java.util.Hashtable)[pri:0, instance:com.adactin.Testcases.TestCase115@45d2ade3]
                     </div>
                     <div>
                        <b>Parameters: </b>
                        
                        {OrderNumber=Cancel LI5R917TTA}
                        
                        
                     </div>
                     <div>
                        <b>Start time: </b>20:17:35
                     </div>
                     <div>
                        <b>End time: </b>20:17:40
                     </div>
                     <div>
                        <b>Duration: </b>5s
                        
                     </div>
                  </div>
               </td>
            </tr>
            <tr>
               <td colspan="4" class="detailsBox">
                  <div id="com.adactin.Testcases.TestCase115_loginandSearchhotels_byStatus_failed_FAIL7_exception"
                       class="testMethodDetails">
                     <pre style="padding: 5px; margin: 0;">java.lang.AssertionError: The following asserts failed:
                        	The iternary details for the order: Cancel LI5R917TTA are ediatble for the field 18/05/2016 expected [false] but found [true],
                        	The iternary details for the order: Cancel LI5R917TTA are ediatble for the field LI5R917TTA expected [false] but found [true],
                        	The iternary details for the order: Cancel LI5R917TTA are ediatble for the field 1 Rooms expected [false] but found [true],
                        	The iternary details for the order: Cancel LI5R917TTA are ediatble for the field Cors expected [false] but found [true],
                        	The iternary details for the order: Cancel LI5R917TTA are ediatble for the field Double expected [false] but found [true],
                        	The iternary details for the order: Cancel LI5R917TTA are ediatble for the field 3 Days expected [false] but found [true],
                        	The iternary details for the order: Cancel LI5R917TTA are ediatble for the field Hotel Creek expected [false] but found [true],
                        	The iternary details for the order: Cancel LI5R917TTA are ediatble for the field Johan expected [false] but found [true],
                        	The iternary details for the order: Cancel LI5R917TTA are ediatble for the field 15/05/2016 expected [false] but found [true],
                        	The iternary details for the order: Cancel LI5R917TTA are ediatble for the field AUD $ 225 expected [false] but found [true],
                        	The iternary details for the order: Cancel LI5R917TTA are ediatble for the field 142997 expected [false] but found [true],
                        	The iternary details for the order: Cancel LI5R917TTA are ediatble for the field AUD $ 754 expected [false] but found [true],
                        	The iternary details for the order: Cancel LI5R917TTA are ediatble for the field Cancel LI5R917TTA expected [false] but found
                        [true],
                        	The iternary details for the order: Cancel LI5R917TTA are ediatble for the field Sydney expected [false] but found [true]
                        	at org.testng.asserts.SoftAssert.assertAll(SoftAssert.java:43)
                        	at com.adactin.Testcases.TestCase115.loginandSearchhotels(TestCase115.java:41)
                        	at sun.reflect.NativeMethodAccessorImpl.invoke0(Native Method)
                        	at sun.reflect.NativeMethodAccessorImpl.invoke(Unknown Source)
                        	at sun.reflect.DelegatingMethodAccessorImpl.invoke(Unknown Source)
                        	at java.lang.reflect.Method.invoke(Unknown Source)
                        	at org.testng.internal.MethodInvocationHelper.invokeMethod(MethodInvocationHelper.java:100)
                        	at org.testng.internal.Invoker.invokeMethod(Invoker.java:646)
                        	at org.testng.internal.Invoker.invokeTestMethod(Invoker.java:811)
                        	at org.testng.internal.Invoker.invokeTestMethods(Invoker.java:1129)
                        	at org.testng.internal.TestMethodWorker.invokeTestMethods(TestMethodWorker.java:129)
                        	at org.testng.internal.TestMethodWorker.run(TestMethodWorker.java:112)
                        	at org.testng.TestRunner.privateRun(TestRunner.java:746)
                        	at org.testng.TestRunner.run(TestRunner.java:600)
                        	at org.testng.SuiteRunner.runTest(SuiteRunner.java:366)
                        	at org.testng.SuiteRunner.runSequentially(SuiteRunner.java:361)
                        	at org.testng.SuiteRunner.privateRun(SuiteRunner.java:319)
                        	at org.testng.SuiteRunner.run(SuiteRunner.java:268)
                        	at org.testng.SuiteRunnerWorker.runSuite(SuiteRunnerWorker.java:52)
                        	at org.testng.SuiteRunnerWorker.run(SuiteRunnerWorker.java:86)
                        	at org.testng.TestNG.runSuitesSequentially(TestNG.java:1264)
                        	at org.testng.TestNG.runSuitesLocally(TestNG.java:1189)
                        	at org.testng.TestNG.runSuites(TestNG.java:1104)
                        	at org.testng.TestNG.run(TestNG.java:1076)
                        	at org.testng.TestNG.privateMain(TestNG.java:1405)
                        	at org.testng.TestNG.main(TestNG.java:1374)
                     </pre>
                  </div>
               </td>
            </tr>
            <tr id="com.adactin.Testcases.TestCase110_PriceWithGSTValidation_byStatus_failed_FAIL8_row"
                class="testMethodStatusFAIL">
               <td width="100%" class="firstMethodCell">
                  <a onclick="toggleDetailsVisibility('com.adactin.Testcases.TestCase110_PriceWithGSTValidation_byStatus_failed_FAIL8_details')">PriceWithGSTValidation({CheckInDate="15/05/2016", Location=Sydney, ChildrenperRoom=2 - Two, CheckOutDate="18/05/2016", RoomType=Double,
                     AdultsperRoom=4 - Four, Numberroom=1-One, Hotels=Hotel Creek})
                  </a>
               </td>
               <td nowrap="true">20:17:08</td>
               <td nowrap="true" align="right">4s
                  
               </td>
               <td nowrap="true">
                  <a onclick="toggleDetailsVisibility('com.adactin.Testcases.TestCase110_PriceWithGSTValidation_byStatus_failed_FAIL8_exception')">java.lang.AssertionError: 
                     Final Billed Price calculated is not proper.Actual Price:AUD $ 685 Expected Price:AUD $675 expected [true] but found [false]
                     
                  </a>
                   
                  
               </td>
            </tr>
            <tr>
               <td colspan="4" class="detailsBox">
                  <div id="com.adactin.Testcases.TestCase110_PriceWithGSTValidation_byStatus_failed_FAIL8_details"
                       class="testMethodDetails">
                     <div>
                        <b>Name: </b>PriceWithGSTValidation
                     </div>
                     <div>
                        <b>Signature: </b>PriceWithGSTValidation(java.util.Hashtable)[pri:0, instance:com.adactin.Testcases.TestCase110@68f4865]
                     </div>
                     <div>
                        <b>Parameters: </b>
                        
                        {CheckInDate="15/05/2016", Location=Sydney, ChildrenperRoom=2 - Two, CheckOutDate="18/05/2016", RoomType=Double, AdultsperRoom=4
                        - Four, Numberroom=1-One, Hotels=Hotel Creek}
                        
                        
                     </div>
                     <div>
                        <b>Start time: </b>20:17:08
                     </div>
                     <div>
                        <b>End time: </b>20:17:11
                     </div>
                     <div>
                        <b>Duration: </b>4s
                        
                     </div>
                  </div>
               </td>
            </tr>
            <tr>
               <td colspan="4" class="detailsBox">
                  <div id="com.adactin.Testcases.TestCase110_PriceWithGSTValidation_byStatus_failed_FAIL8_exception"
                       class="testMethodDetails">
                     <pre style="padding: 5px; margin: 0;">java.lang.AssertionError: Final Billed Price calculated is not proper.Actual Price:AUD $ 685 Expected Price:AUD $675 expected
                        [true] but found [false]
                        	at org.testng.Assert.fail(Assert.java:94)
                        	at org.testng.Assert.failNotEquals(Assert.java:513)
                        	at org.testng.Assert.assertTrue(Assert.java:42)
                        	at com.adactin.Testcases.TestCase110.PriceWithGSTValidation(TestCase110.java:48)
                        	at sun.reflect.NativeMethodAccessorImpl.invoke0(Native Method)
                        	at sun.reflect.NativeMethodAccessorImpl.invoke(Unknown Source)
                        	at sun.reflect.DelegatingMethodAccessorImpl.invoke(Unknown Source)
                        	at java.lang.reflect.Method.invoke(Unknown Source)
                        	at org.testng.internal.MethodInvocationHelper.invokeMethod(MethodInvocationHelper.java:100)
                        	at org.testng.internal.Invoker.invokeMethod(Invoker.java:646)
                        	at org.testng.internal.Invoker.invokeTestMethod(Invoker.java:811)
                        	at org.testng.internal.Invoker.invokeTestMethods(Invoker.java:1129)
                        	at org.testng.internal.TestMethodWorker.invokeTestMethods(TestMethodWorker.java:129)
                        	at org.testng.internal.TestMethodWorker.run(TestMethodWorker.java:112)
                        	at org.testng.TestRunner.privateRun(TestRunner.java:746)
                        	at org.testng.TestRunner.run(TestRunner.java:600)
                        	at org.testng.SuiteRunner.runTest(SuiteRunner.java:366)
                        	at org.testng.SuiteRunner.runSequentially(SuiteRunner.java:361)
                        	at org.testng.SuiteRunner.privateRun(SuiteRunner.java:319)
                        	at org.testng.SuiteRunner.run(SuiteRunner.java:268)
                        	at org.testng.SuiteRunnerWorker.runSuite(SuiteRunnerWorker.java:52)
                        	at org.testng.SuiteRunnerWorker.run(SuiteRunnerWorker.java:86)
                        	at org.testng.TestNG.runSuitesSequentially(TestNG.java:1264)
                        	at org.testng.TestNG.runSuitesLocally(TestNG.java:1189)
                        	at org.testng.TestNG.runSuites(TestNG.java:1104)
                        	at org.testng.TestNG.run(TestNG.java:1076)
                        	at org.testng.TestNG.privateMain(TestNG.java:1405)
                        	at org.testng.TestNG.main(TestNG.java:1374)
                     </pre>
                  </div>
               </td>
            </tr>
            <tr id="com.adactin.Testcases.TestCase116_loginandSearchhotels_byStatus_passed_PASS1_row"
                class="testMethodStatusPASS">
               <td width="100%" class="firstMethodCell">
                  <a onclick="toggleDetailsVisibility('com.adactin.Testcases.TestCase116_loginandSearchhotels_byStatus_passed_PASS1_details')">loginandSearchhotels({CheckInDate="15/05/2016", Location=Sydney, ChildrenperRoom=2 - Two, CheckOutDate="18/05/2016", RoomType=Double,
                     AdultsperRoom=4 - Four, Numberroom=1-One, Hotels=Hotel Creek})
                  </a>
               </td>
               <td nowrap="true">20:17:40</td>
               <td nowrap="true" align="right">3s
                  
               </td>
               <td nowrap="true">
                   
                  
               </td>
            </tr>
            <tr>
               <td colspan="4" class="detailsBox">
                  <div id="com.adactin.Testcases.TestCase116_loginandSearchhotels_byStatus_passed_PASS1_details"
                       class="testMethodDetails">
                     <div>
                        <b>Name: </b>loginandSearchhotels
                     </div>
                     <div>
                        <b>Signature: </b>loginandSearchhotels(java.util.Hashtable)[pri:1, instance:com.adactin.Testcases.TestCase116@727eb8cb]
                     </div>
                     <div>
                        <b>Parameters: </b>
                        
                        {CheckInDate="15/05/2016", Location=Sydney, ChildrenperRoom=2 - Two, CheckOutDate="18/05/2016", RoomType=Double, AdultsperRoom=4
                        - Four, Numberroom=1-One, Hotels=Hotel Creek}
                        
                        
                     </div>
                     <div>
                        <b>Start time: </b>20:17:40
                     </div>
                     <div>
                        <b>End time: </b>20:17:43
                     </div>
                     <div>
                        <b>Duration: </b>3s
                        
                     </div>
                  </div>
               </td>
            </tr>
            <tr></tr>
            <tr id="com.adactin.Testcases.TestCase117_SearchOrderId_byStatus_passed_PASS2_row"
                class="testMethodStatusPASS">
               <td width="100%" class="firstMethodCell">
                  <a onclick="toggleDetailsVisibility('com.adactin.Testcases.TestCase117_SearchOrderId_byStatus_passed_PASS2_details')">SearchOrderId({OrderNumber=G353VBMMJX})</a>
               </td>
               <td nowrap="true">20:17:55</td>
               <td nowrap="true" align="right">8s
                  
               </td>
               <td nowrap="true">
                   
                  
               </td>
            </tr>
            <tr>
               <td colspan="4" class="detailsBox">
                  <div id="com.adactin.Testcases.TestCase117_SearchOrderId_byStatus_passed_PASS2_details"
                       class="testMethodDetails">
                     <div>
                        <b>Name: </b>SearchOrderId
                     </div>
                     <div>
                        <b>Signature: </b>SearchOrderId(java.util.Hashtable)[pri:0, instance:com.adactin.Testcases.TestCase117@39d9314d]
                     </div>
                     <div>
                        <b>Parameters: </b>
                        
                        {OrderNumber=G353VBMMJX}
                        
                        
                     </div>
                     <div>
                        <b>Start time: </b>20:17:55
                     </div>
                     <div>
                        <b>End time: </b>20:18:02
                     </div>
                     <div>
                        <b>Duration: </b>8s
                        
                     </div>
                  </div>
               </td>
            </tr>
            <tr></tr>
            <tr id="com.adactin.Testcases.TestCase119_SearchOrderId_byStatus_passed_PASS3_row"
                class="testMethodStatusPASS">
               <td width="100%" class="firstMethodCell">
                  <a onclick="toggleDetailsVisibility('com.adactin.Testcases.TestCase119_SearchOrderId_byStatus_passed_PASS3_details')">SearchOrderId()</a>
               </td>
               <td nowrap="true">20:18:02</td>
               <td nowrap="true" align="right">37s
                  
               </td>
               <td nowrap="true">
                   
                  
               </td>
            </tr>
            <tr>
               <td colspan="4" class="detailsBox">
                  <div id="com.adactin.Testcases.TestCase119_SearchOrderId_byStatus_passed_PASS3_details"
                       class="testMethodDetails">
                     <div>
                        <b>Name: </b>SearchOrderId
                     </div>
                     <div>
                        <b>Signature: </b>SearchOrderId()[pri:0, instance:com.adactin.Testcases.TestCase119@b978d10]
                     </div>
                     <div>
                        <b>Start time: </b>20:18:02
                     </div>
                     <div>
                        <b>End time: </b>20:18:39
                     </div>
                     <div>
                        <b>Duration: </b>37s
                        
                     </div>
                  </div>
               </td>
            </tr>
            <tr></tr>
            <tr id="com.adactin.Testcases.TestCase101_CheckRunMode_byStatus_passed_PASS4_row"
                class="testMethodStatusPASS testMethodStatusCONF">
               <td width="100%" class="firstMethodCell">
                  <a onclick="toggleDetailsVisibility('com.adactin.Testcases.TestCase101_CheckRunMode_byStatus_passed_PASS4_details')">CheckRunMode()</a>
               </td>
               <td nowrap="true">20:16:50</td>
               <td nowrap="true" align="right">12 ms
                  
               </td>
               <td nowrap="true">
                   
                  
               </td>
            </tr>
            <tr>
               <td colspan="4" class="detailsBox">
                  <div id="com.adactin.Testcases.TestCase101_CheckRunMode_byStatus_passed_PASS4_details"
                       class="testMethodDetails">
                     <div>
                        <b>Name: </b>CheckRunMode
                     </div>
                     <div>
                        <b>Signature: </b>CheckRunMode()[pri:0, instance:com.adactin.Testcases.TestCase101@2474f125]
                     </div>
                     <div>
                        <b>Start time: </b>20:16:50
                     </div>
                     <div>
                        <b>End time: </b>20:16:50
                     </div>
                     <div>
                        <b>Duration: </b>12 ms
                        
                     </div>
                  </div>
               </td>
            </tr>
            <tr></tr>
            <tr id="com.adactin.Testcases.TestCase101_LoginTest_byStatus_passed_PASS5_row"
                class="testMethodStatusPASS">
               <td width="100%" class="firstMethodCell">
                  <a onclick="toggleDetailsVisibility('com.adactin.Testcases.TestCase101_LoginTest_byStatus_passed_PASS5_details')">LoginTest()</a>
               </td>
               <td nowrap="true">20:16:50</td>
               <td nowrap="true" align="right">3s
                  
               </td>
               <td nowrap="true">
                   
                  
               </td>
            </tr>
            <tr>
               <td colspan="4" class="detailsBox">
                  <div id="com.adactin.Testcases.TestCase101_LoginTest_byStatus_passed_PASS5_details"
                       class="testMethodDetails">
                     <div>
                        <b>Name: </b>LoginTest
                     </div>
                     <div>
                        <b>Signature: </b>LoginTest()[pri:0, instance:com.adactin.Testcases.TestCase101@2474f125]
                     </div>
                     <div>
                        <b>Start time: </b>20:16:50
                     </div>
                     <div>
                        <b>End time: </b>20:16:53
                     </div>
                     <div>
                        <b>Duration: </b>3s
                        
                     </div>
                  </div>
               </td>
            </tr>
            <tr></tr>
            <tr id="com.adactin.Testcases.TestCase101_Teardown_byStatus_passed_PASS6_row"
                class="testMethodStatusPASS testMethodStatusCONF">
               <td width="100%" class="firstMethodCell">
                  <a onclick="toggleDetailsVisibility('com.adactin.Testcases.TestCase101_Teardown_byStatus_passed_PASS6_details')">Teardown()</a>
               </td>
               <td nowrap="true">20:18:39</td>
               <td nowrap="true" align="right">1s
                  
               </td>
               <td nowrap="true">
                   
                  
               </td>
            </tr>
            <tr>
               <td colspan="4" class="detailsBox">
                  <div id="com.adactin.Testcases.TestCase101_Teardown_byStatus_passed_PASS6_details"
                       class="testMethodDetails">
                     <div>
                        <b>Name: </b>Teardown
                     </div>
                     <div>
                        <b>Signature: </b>Teardown()[pri:0, instance:com.adactin.Testcases.TestCase101@2474f125]
                     </div>
                     <div>
                        <b>Start time: </b>20:18:39
                     </div>
                     <div>
                        <b>End time: </b>20:18:41
                     </div>
                     <div>
                        <b>Duration: </b>1s
                        
                     </div>
                  </div>
               </td>
            </tr>
            <tr></tr>
            <tr id="com.adactin.Testcases.TestCase102_EnterDetailToCompareDate_byStatus_passed_PASS7_row"
                class="testMethodStatusPASS">
               <td width="100%" class="firstMethodCell">
                  <a onclick="toggleDetailsVisibility('com.adactin.Testcases.TestCase102_EnterDetailToCompareDate_byStatus_passed_PASS7_details')">EnterDetailToCompareDate({Numberroom=1-One, CheckInDate="15/05/2016", CheckOutDate="14/05/2016", Location=Sydney, Hotels=Hotel
                     Creek, Expected_massage=Check-In Date shall be before than Check-Out Date, AdultsperRoom=4 - Four, ChildrenperRoom=2 - Two,
                     RoomType=Double})
                  </a>
               </td>
               <td nowrap="true">20:16:53</td>
               <td nowrap="true" align="right">6s
                  
               </td>
               <td nowrap="true">
                   
                  
               </td>
            </tr>
            <tr>
               <td colspan="4" class="detailsBox">
                  <div id="com.adactin.Testcases.TestCase102_EnterDetailToCompareDate_byStatus_passed_PASS7_details"
                       class="testMethodDetails">
                     <div>
                        <b>Name: </b>EnterDetailToCompareDate
                     </div>
                     <div>
                        <b>Signature: </b>EnterDetailToCompareDate(java.util.Hashtable)[pri:0, instance:com.adactin.Testcases.TestCase102@7357a011]
                     </div>
                     <div>
                        <b>Parameters: </b>
                        
                        {Numberroom=1-One, CheckInDate="15/05/2016", CheckOutDate="14/05/2016", Location=Sydney, Hotels=Hotel Creek, Expected_massage=Check-In
                        Date shall be before than Check-Out Date, AdultsperRoom=4 - Four, ChildrenperRoom=2 - Two, RoomType=Double}
                        
                        
                     </div>
                     <div>
                        <b>Start time: </b>20:16:53
                     </div>
                     <div>
                        <b>End time: </b>20:16:59
                     </div>
                     <div>
                        <b>Duration: </b>6s
                        
                     </div>
                  </div>
               </td>
            </tr>
            <tr></tr>
            <tr id="com.adactin.Testcases.TestCase114_loginandSearchhotels_byStatus_passed_PASS8_row"
                class="testMethodStatusPASS">
               <td width="100%" class="firstMethodCell">
                  <a onclick="toggleDetailsVisibility('com.adactin.Testcases.TestCase114_loginandSearchhotels_byStatus_passed_PASS8_details')">loginandSearchhotels({CheckInDate="15/05/2016", Location=Sydney, ChildrenperRoom=2 - Two, CheckOutDate="18/05/2016", RoomType=Double,
                     AdultsperRoom=4 - Four, Numberroom=1-One, Hotels=Hotel Creek})
                  </a>
               </td>
               <td nowrap="true">20:17:24</td>
               <td nowrap="true" align="right">4s
                  
               </td>
               <td nowrap="true">
                   
                  
               </td>
            </tr>
            <tr>
               <td colspan="4" class="detailsBox">
                  <div id="com.adactin.Testcases.TestCase114_loginandSearchhotels_byStatus_passed_PASS8_details"
                       class="testMethodDetails">
                     <div>
                        <b>Name: </b>loginandSearchhotels
                     </div>
                     <div>
                        <b>Signature: </b>loginandSearchhotels(java.util.Hashtable)[pri:1, instance:com.adactin.Testcases.TestCase114@3c01cfa1]
                     </div>
                     <div>
                        <b>Parameters: </b>
                        
                        {CheckInDate="15/05/2016", Location=Sydney, ChildrenperRoom=2 - Two, CheckOutDate="18/05/2016", RoomType=Double, AdultsperRoom=4
                        - Four, Numberroom=1-One, Hotels=Hotel Creek}
                        
                        
                     </div>
                     <div>
                        <b>Start time: </b>20:17:24
                     </div>
                     <div>
                        <b>End time: </b>20:17:27
                     </div>
                     <div>
                        <b>Duration: </b>4s
                        
                     </div>
                  </div>
               </td>
            </tr>
            <tr></tr>
            <tr id="com.adactin.Testcases.TestCase114_OrderNumberVerification_byStatus_passed_PASS9_row"
                class="testMethodStatusPASS">
               <td width="100%" class="firstMethodCell">
                  <a onclick="toggleDetailsVisibility('com.adactin.Testcases.TestCase114_OrderNumberVerification_byStatus_passed_PASS9_details')">OrderNumberVerification({BillingAddr=54 Mons road, FirstName=Johan, CVV=123.0, LastName=Cors, CreditCardNo=1.23456781234567E15,
                     CreditCardType=VISA, ExpiryYear=2017.0, ExpiryMonth=March})
                  </a>
               </td>
               <td nowrap="true">20:17:27</td>
               <td nowrap="true" align="right">8s
                  
               </td>
               <td nowrap="true">
                   
                  
               </td>
            </tr>
            <tr>
               <td colspan="4" class="detailsBox">
                  <div id="com.adactin.Testcases.TestCase114_OrderNumberVerification_byStatus_passed_PASS9_details"
                       class="testMethodDetails">
                     <div>
                        <b>Name: </b>OrderNumberVerification
                     </div>
                     <div>
                        <b>Signature: </b>OrderNumberVerification(java.util.Hashtable)[pri:2, instance:com.adactin.Testcases.TestCase114@3c01cfa1]
                     </div>
                     <div>
                        <b>Parameters: </b>
                        
                        {BillingAddr=54 Mons road, FirstName=Johan, CVV=123.0, LastName=Cors, CreditCardNo=1.23456781234567E15, CreditCardType=VISA,
                        ExpiryYear=2017.0, ExpiryMonth=March}
                        
                        
                     </div>
                     <div>
                        <b>Start time: </b>20:17:27
                     </div>
                     <div>
                        <b>End time: </b>20:17:35
                     </div>
                     <div>
                        <b>Duration: </b>8s
                        
                     </div>
                  </div>
               </td>
            </tr>
            <tr></tr>
            <tr id="com.adactin.Testcases.TestCase111_PastDateEntry_byStatus_passed_PASS10_row"
                class="testMethodStatusPASS">
               <td width="100%" class="firstMethodCell">
                  <a onclick="toggleDetailsVisibility('com.adactin.Testcases.TestCase111_PastDateEntry_byStatus_passed_PASS10_details')">PastDateEntry({CheckInDate="15/05/2016", Location=Sydney, ChildrenperRoom=2 - Two, CheckOutDate="18/05/2016", RoomType=Double,
                     AdultsperRoom=4 - Four, Numberroom=1-One, Hotels=Hotel Creek})
                  </a>
               </td>
               <td nowrap="true">20:17:11</td>
               <td nowrap="true" align="right">4s
                  
               </td>
               <td nowrap="true">
                   
                  
               </td>
            </tr>
            <tr>
               <td colspan="4" class="detailsBox">
                  <div id="com.adactin.Testcases.TestCase111_PastDateEntry_byStatus_passed_PASS10_details"
                       class="testMethodDetails">
                     <div>
                        <b>Name: </b>PastDateEntry
                     </div>
                     <div>
                        <b>Signature: </b>PastDateEntry(java.util.Hashtable)[pri:1, instance:com.adactin.Testcases.TestCase111@4816278d]
                     </div>
                     <div>
                        <b>Parameters: </b>
                        
                        {CheckInDate="15/05/2016", Location=Sydney, ChildrenperRoom=2 - Two, CheckOutDate="18/05/2016", RoomType=Double, AdultsperRoom=4
                        - Four, Numberroom=1-One, Hotels=Hotel Creek}
                        
                        
                     </div>
                     <div>
                        <b>Start time: </b>20:17:11
                     </div>
                     <div>
                        <b>End time: </b>20:17:15
                     </div>
                     <div>
                        <b>Duration: </b>4s
                        
                     </div>
                  </div>
               </td>
            </tr>
            <tr></tr>
            <tr id="com.adactin.Testcases.TestCase101_Teardown_byStatus_skiped_SKIP1_row"
                class="testMethodStatusSKIP testMethodStatusCONF">
               <td width="100%" class="firstMethodCell">
                  <a onclick="toggleDetailsVisibility('com.adactin.Testcases.TestCase101_Teardown_byStatus_skiped_SKIP1_details')">Teardown()</a>
               </td>
               <td nowrap="true">20:18:41</td>
               <td nowrap="true" align="right">0 ms
                  
               </td>
               <td nowrap="true">
                   
                  
               </td>
            </tr>
            <tr>
               <td colspan="4" class="detailsBox">
                  <div id="com.adactin.Testcases.TestCase101_Teardown_byStatus_skiped_SKIP1_details"
                       class="testMethodDetails">
                     <div>
                        <b>Name: </b>Teardown
                     </div>
                     <div>
                        <b>Signature: </b>Teardown()[pri:0, instance:com.adactin.Testcases.TestCase114@3c01cfa1]
                     </div>
                     <div>
                        <b>Start time: </b>20:18:41
                     </div>
                     <div>
                        <b>End time: </b>20:18:41
                     </div>
                     <div>
                        <b>Duration: </b>0 ms
                        
                     </div>
                  </div>
               </td>
            </tr>
            <tr></tr>
            <tr id="com.adactin.Testcases.TestCase101_Teardown_byStatus_skiped_SKIP2_row"
                class="testMethodStatusSKIP testMethodStatusCONF">
               <td width="100%" class="firstMethodCell">
                  <a onclick="toggleDetailsVisibility('com.adactin.Testcases.TestCase101_Teardown_byStatus_skiped_SKIP2_details')">Teardown()</a>
               </td>
               <td nowrap="true">20:18:41</td>
               <td nowrap="true" align="right">0 ms
                  
               </td>
               <td nowrap="true">
                   
                  
               </td>
            </tr>
            <tr>
               <td colspan="4" class="detailsBox">
                  <div id="com.adactin.Testcases.TestCase101_Teardown_byStatus_skiped_SKIP2_details"
                       class="testMethodDetails">
                     <div>
                        <b>Name: </b>Teardown
                     </div>
                     <div>
                        <b>Signature: </b>Teardown()[pri:0, instance:com.adactin.Testcases.TestCase113@40317ba2]
                     </div>
                     <div>
                        <b>Start time: </b>20:18:41
                     </div>
                     <div>
                        <b>End time: </b>20:18:41
                     </div>
                     <div>
                        <b>Duration: </b>0 ms
                        
                     </div>
                  </div>
               </td>
            </tr>
            <tr></tr>
            <tr id="com.adactin.Testcases.TestCase101_Teardown_byStatus_skiped_SKIP3_row"
                class="testMethodStatusSKIP testMethodStatusCONF">
               <td width="100%" class="firstMethodCell">
                  <a onclick="toggleDetailsVisibility('com.adactin.Testcases.TestCase101_Teardown_byStatus_skiped_SKIP3_details')">Teardown()</a>
               </td>
               <td nowrap="true">20:18:41</td>
               <td nowrap="true" align="right">0 ms
                  
               </td>
               <td nowrap="true">
                   
                  
               </td>
            </tr>
            <tr>
               <td colspan="4" class="detailsBox">
                  <div id="com.adactin.Testcases.TestCase101_Teardown_byStatus_skiped_SKIP3_details"
                       class="testMethodDetails">
                     <div>
                        <b>Name: </b>Teardown
                     </div>
                     <div>
                        <b>Signature: </b>Teardown()[pri:0, instance:com.adactin.Testcases.TestCase119@b978d10]
                     </div>
                     <div>
                        <b>Start time: </b>20:18:41
                     </div>
                     <div>
                        <b>End time: </b>20:18:41
                     </div>
                     <div>
                        <b>Duration: </b>0 ms
                        
                     </div>
                  </div>
               </td>
            </tr>
            <tr></tr>
            <tr id="com.adactin.Testcases.TestCase101_Teardown_byStatus_skiped_SKIP4_row"
                class="testMethodStatusSKIP testMethodStatusCONF">
               <td width="100%" class="firstMethodCell">
                  <a onclick="toggleDetailsVisibility('com.adactin.Testcases.TestCase101_Teardown_byStatus_skiped_SKIP4_details')">Teardown()</a>
               </td>
               <td nowrap="true">20:18:41</td>
               <td nowrap="true" align="right">0 ms
                  
               </td>
               <td nowrap="true">
                   
                  
               </td>
            </tr>
            <tr>
               <td colspan="4" class="detailsBox">
                  <div id="com.adactin.Testcases.TestCase101_Teardown_byStatus_skiped_SKIP4_details"
                       class="testMethodDetails">
                     <div>
                        <b>Name: </b>Teardown
                     </div>
                     <div>
                        <b>Signature: </b>Teardown()[pri:0, instance:com.adactin.Testcases.TestCase117@39d9314d]
                     </div>
                     <div>
                        <b>Start time: </b>20:18:41
                     </div>
                     <div>
                        <b>End time: </b>20:18:41
                     </div>
                     <div>
                        <b>Duration: </b>0 ms
                        
                     </div>
                  </div>
               </td>
            </tr>
            <tr></tr>
            <tr id="com.adactin.Testcases.TestCase101_Teardown_byStatus_skiped_SKIP5_row"
                class="testMethodStatusSKIP testMethodStatusCONF">
               <td width="100%" class="firstMethodCell">
                  <a onclick="toggleDetailsVisibility('com.adactin.Testcases.TestCase101_Teardown_byStatus_skiped_SKIP5_details')">Teardown()</a>
               </td>
               <td nowrap="true">20:18:41</td>
               <td nowrap="true" align="right">0 ms
                  
               </td>
               <td nowrap="true">
                   
                  
               </td>
            </tr>
            <tr>
               <td colspan="4" class="detailsBox">
                  <div id="com.adactin.Testcases.TestCase101_Teardown_byStatus_skiped_SKIP5_details"
                       class="testMethodDetails">
                     <div>
                        <b>Name: </b>Teardown
                     </div>
                     <div>
                        <b>Signature: </b>Teardown()[pri:0, instance:com.adactin.Testcases.TestCase111@4816278d]
                     </div>
                     <div>
                        <b>Start time: </b>20:18:41
                     </div>
                     <div>
                        <b>End time: </b>20:18:41
                     </div>
                     <div>
                        <b>Duration: </b>0 ms
                        
                     </div>
                  </div>
               </td>
            </tr>
            <tr></tr>
            <tr id="com.adactin.Testcases.TestCase101_Teardown_byStatus_skiped_SKIP6_row"
                class="testMethodStatusSKIP testMethodStatusCONF">
               <td width="100%" class="firstMethodCell">
                  <a onclick="toggleDetailsVisibility('com.adactin.Testcases.TestCase101_Teardown_byStatus_skiped_SKIP6_details')">Teardown()</a>
               </td>
               <td nowrap="true">20:18:41</td>
               <td nowrap="true" align="right">0 ms
                  
               </td>
               <td nowrap="true">
                   
                  
               </td>
            </tr>
            <tr>
               <td colspan="4" class="detailsBox">
                  <div id="com.adactin.Testcases.TestCase101_Teardown_byStatus_skiped_SKIP6_details"
                       class="testMethodDetails">
                     <div>
                        <b>Name: </b>Teardown
                     </div>
                     <div>
                        <b>Signature: </b>Teardown()[pri:0, instance:com.adactin.Testcases.TestCase116@727eb8cb]
                     </div>
                     <div>
                        <b>Start time: </b>20:18:41
                     </div>
                     <div>
                        <b>End time: </b>20:18:41
                     </div>
                     <div>
                        <b>Duration: </b>0 ms
                        
                     </div>
                  </div>
               </td>
            </tr>
            <tr></tr>
            <tr id="com.adactin.Testcases.TestCase101_Teardown_byStatus_skiped_SKIP7_row"
                class="testMethodStatusSKIP testMethodStatusCONF">
               <td width="100%" class="firstMethodCell">
                  <a onclick="toggleDetailsVisibility('com.adactin.Testcases.TestCase101_Teardown_byStatus_skiped_SKIP7_details')">Teardown()</a>
               </td>
               <td nowrap="true">20:18:41</td>
               <td nowrap="true" align="right">0 ms
                  
               </td>
               <td nowrap="true">
                   
                  
               </td>
            </tr>
            <tr>
               <td colspan="4" class="detailsBox">
                  <div id="com.adactin.Testcases.TestCase101_Teardown_byStatus_skiped_SKIP7_details"
                       class="testMethodDetails">
                     <div>
                        <b>Name: </b>Teardown
                     </div>
                     <div>
                        <b>Signature: </b>Teardown()[pri:0, instance:com.adactin.Testcases.TestCase110@68f4865]
                     </div>
                     <div>
                        <b>Start time: </b>20:18:41
                     </div>
                     <div>
                        <b>End time: </b>20:18:41
                     </div>
                     <div>
                        <b>Duration: </b>0 ms
                        
                     </div>
                  </div>
               </td>
            </tr>
            <tr></tr>
            <tr id="com.adactin.Testcases.TestCase101_Teardown_byStatus_skiped_SKIP8_row"
                class="testMethodStatusSKIP testMethodStatusCONF">
               <td width="100%" class="firstMethodCell">
                  <a onclick="toggleDetailsVisibility('com.adactin.Testcases.TestCase101_Teardown_byStatus_skiped_SKIP8_details')">Teardown()</a>
               </td>
               <td nowrap="true">20:18:41</td>
               <td nowrap="true" align="right">0 ms
                  
               </td>
               <td nowrap="true">
                   
                  
               </td>
            </tr>
            <tr>
               <td colspan="4" class="detailsBox">
                  <div id="com.adactin.Testcases.TestCase101_Teardown_byStatus_skiped_SKIP8_details"
                       class="testMethodDetails">
                     <div>
                        <b>Name: </b>Teardown
                     </div>
                     <div>
                        <b>Signature: </b>Teardown()[pri:0, instance:com.adactin.Testcases.TestCase115@45d2ade3]
                     </div>
                     <div>
                        <b>Start time: </b>20:18:41
                     </div>
                     <div>
                        <b>End time: </b>20:18:41
                     </div>
                     <div>
                        <b>Duration: </b>0 ms
                        
                     </div>
                  </div>
               </td>
            </tr>
            <tr></tr>
            <tr id="com.adactin.Testcases.TestCase101_Teardown_byStatus_skiped_SKIP9_row"
                class="testMethodStatusSKIP testMethodStatusCONF">
               <td width="100%" class="firstMethodCell">
                  <a onclick="toggleDetailsVisibility('com.adactin.Testcases.TestCase101_Teardown_byStatus_skiped_SKIP9_details')">Teardown()</a>
               </td>
               <td nowrap="true">20:18:41</td>
               <td nowrap="true" align="right">0 ms
                  
               </td>
               <td nowrap="true">
                   
                  
               </td>
            </tr>
            <tr>
               <td colspan="4" class="detailsBox">
                  <div id="com.adactin.Testcases.TestCase101_Teardown_byStatus_skiped_SKIP9_details"
                       class="testMethodDetails">
                     <div>
                        <b>Name: </b>Teardown
                     </div>
                     <div>
                        <b>Signature: </b>Teardown()[pri:0, instance:com.adactin.Testcases.TestCase120@2ce6c6ec]
                     </div>
                     <div>
                        <b>Start time: </b>20:18:41
                     </div>
                     <div>
                        <b>End time: </b>20:18:41
                     </div>
                     <div>
                        <b>Duration: </b>0 ms
                        
                     </div>
                  </div>
               </td>
            </tr>
            <tr></tr>
            <tr id="com.adactin.Testcases.TestCase101_Teardown_byStatus_skiped_SKIP10_row"
                class="testMethodStatusSKIP testMethodStatusCONF">
               <td width="100%" class="firstMethodCell">
                  <a onclick="toggleDetailsVisibility('com.adactin.Testcases.TestCase101_Teardown_byStatus_skiped_SKIP10_details')">Teardown()</a>
               </td>
               <td nowrap="true">20:18:41</td>
               <td nowrap="true" align="right">0 ms
                  
               </td>
               <td nowrap="true">
                   
                  
               </td>
            </tr>
            <tr>
               <td colspan="4" class="detailsBox">
                  <div id="com.adactin.Testcases.TestCase101_Teardown_byStatus_skiped_SKIP10_details"
                       class="testMethodDetails">
                     <div>
                        <b>Name: </b>Teardown
                     </div>
                     <div>
                        <b>Signature: </b>Teardown()[pri:0, instance:com.adactin.Testcases.TestCase103@3406472c]
                     </div>
                     <div>
                        <b>Start time: </b>20:18:41
                     </div>
                     <div>
                        <b>End time: </b>20:18:41
                     </div>
                     <div>
                        <b>Duration: </b>0 ms
                        
                     </div>
                  </div>
               </td>
            </tr>
            <tr></tr>
            <tr id="com.adactin.Testcases.TestCase101_Teardown_byStatus_skiped_SKIP11_row"
                class="testMethodStatusSKIP testMethodStatusCONF">
               <td width="100%" class="firstMethodCell">
                  <a onclick="toggleDetailsVisibility('com.adactin.Testcases.TestCase101_Teardown_byStatus_skiped_SKIP11_details')">Teardown()</a>
               </td>
               <td nowrap="true">20:18:41</td>
               <td nowrap="true" align="right">0 ms
                  
               </td>
               <td nowrap="true">
                   
                  
               </td>
            </tr>
            <tr>
               <td colspan="4" class="detailsBox">
                  <div id="com.adactin.Testcases.TestCase101_Teardown_byStatus_skiped_SKIP11_details"
                       class="testMethodDetails">
                     <div>
                        <b>Name: </b>Teardown
                     </div>
                     <div>
                        <b>Signature: </b>Teardown()[pri:0, instance:com.adactin.Testcases.TestCase112@4eaf3684]
                     </div>
                     <div>
                        <b>Start time: </b>20:18:41
                     </div>
                     <div>
                        <b>End time: </b>20:18:41
                     </div>
                     <div>
                        <b>Duration: </b>0 ms
                        
                     </div>
                  </div>
               </td>
            </tr>
            <tr></tr>
            <tr id="com.adactin.Testcases.TestCase101_Teardown_byStatus_skiped_SKIP12_row"
                class="testMethodStatusSKIP testMethodStatusCONF">
               <td width="100%" class="firstMethodCell">
                  <a onclick="toggleDetailsVisibility('com.adactin.Testcases.TestCase101_Teardown_byStatus_skiped_SKIP12_details')">Teardown()</a>
               </td>
               <td nowrap="true">20:18:41</td>
               <td nowrap="true" align="right">0 ms
                  
               </td>
               <td nowrap="true">
                   
                  
               </td>
            </tr>
            <tr>
               <td colspan="4" class="detailsBox">
                  <div id="com.adactin.Testcases.TestCase101_Teardown_byStatus_skiped_SKIP12_details"
                       class="testMethodDetails">
                     <div>
                        <b>Name: </b>Teardown
                     </div>
                     <div>
                        <b>Signature: </b>Teardown()[pri:0, instance:com.adactin.Testcases.TestCase104@5717c37]
                     </div>
                     <div>
                        <b>Start time: </b>20:18:41
                     </div>
                     <div>
                        <b>End time: </b>20:18:41
                     </div>
                     <div>
                        <b>Duration: </b>0 ms
                        
                     </div>
                  </div>
               </td>
            </tr>
            <tr></tr>
         </table>
      </div>
      <div id="testMethodsByClass" style="display: none;">
         <table class="testMethodsTable" cellpadding="0" cellspacing="0">
            <tr>
               <td colspan="4">
                  <h3 style="display: inline;">com.adactin.Testcases.TestCase101</h3>
               </td>
            </tr>
            <tr class="methodsTableHeader">
               <td width="100%">Name</td>
               <td nowrap="true">Started</td>
               <td nowrap="true">Duration</td>
               <td>Exception</td>
            </tr>
            <tr id="com.adactin.Testcases.TestCase101_CheckRunMode_byClass_PASS1_row"
                class="testMethodStatusPASS testMethodStatusCONF">
               <td width="100%" class="firstMethodCell">
                  <a onclick="toggleDetailsVisibility('com.adactin.Testcases.TestCase101_CheckRunMode_byClass_PASS1_details')">CheckRunMode()</a>
               </td>
               <td nowrap="true">20:16:50</td>
               <td nowrap="true" align="right">12 ms
                  
               </td>
               <td nowrap="true">
                   
                  
               </td>
            </tr>
            <tr>
               <td colspan="4" class="detailsBox">
                  <div id="com.adactin.Testcases.TestCase101_CheckRunMode_byClass_PASS1_details"
                       class="testMethodDetails">
                     <div>
                        <b>Name: </b>CheckRunMode
                     </div>
                     <div>
                        <b>Signature: </b>CheckRunMode()[pri:0, instance:com.adactin.Testcases.TestCase101@2474f125]
                     </div>
                     <div>
                        <b>Start time: </b>20:16:50
                     </div>
                     <div>
                        <b>End time: </b>20:16:50
                     </div>
                     <div>
                        <b>Duration: </b>12 ms
                        
                     </div>
                  </div>
               </td>
            </tr>
            <tr></tr>
            <tr id="com.adactin.Testcases.TestCase101_LoginTest_byClass_PASS2_row"
                class="testMethodStatusPASS">
               <td width="100%" class="firstMethodCell">
                  <a onclick="toggleDetailsVisibility('com.adactin.Testcases.TestCase101_LoginTest_byClass_PASS2_details')">LoginTest()</a>
               </td>
               <td nowrap="true">20:16:50</td>
               <td nowrap="true" align="right">3s
                  
               </td>
               <td nowrap="true">
                   
                  
               </td>
            </tr>
            <tr>
               <td colspan="4" class="detailsBox">
                  <div id="com.adactin.Testcases.TestCase101_LoginTest_byClass_PASS2_details"
                       class="testMethodDetails">
                     <div>
                        <b>Name: </b>LoginTest
                     </div>
                     <div>
                        <b>Signature: </b>LoginTest()[pri:0, instance:com.adactin.Testcases.TestCase101@2474f125]
                     </div>
                     <div>
                        <b>Start time: </b>20:16:50
                     </div>
                     <div>
                        <b>End time: </b>20:16:53
                     </div>
                     <div>
                        <b>Duration: </b>3s
                        
                     </div>
                  </div>
               </td>
            </tr>
            <tr></tr>
            <tr id="com.adactin.Testcases.TestCase101_Teardown_byClass_PASS3_row"
                class="testMethodStatusPASS testMethodStatusCONF">
               <td width="100%" class="firstMethodCell">
                  <a onclick="toggleDetailsVisibility('com.adactin.Testcases.TestCase101_Teardown_byClass_PASS3_details')">Teardown()</a>
               </td>
               <td nowrap="true">20:18:39</td>
               <td nowrap="true" align="right">1s
                  
               </td>
               <td nowrap="true">
                   
                  
               </td>
            </tr>
            <tr>
               <td colspan="4" class="detailsBox">
                  <div id="com.adactin.Testcases.TestCase101_Teardown_byClass_PASS3_details"
                       class="testMethodDetails">
                     <div>
                        <b>Name: </b>Teardown
                     </div>
                     <div>
                        <b>Signature: </b>Teardown()[pri:0, instance:com.adactin.Testcases.TestCase101@2474f125]
                     </div>
                     <div>
                        <b>Start time: </b>20:18:39
                     </div>
                     <div>
                        <b>End time: </b>20:18:41
                     </div>
                     <div>
                        <b>Duration: </b>1s
                        
                     </div>
                  </div>
               </td>
            </tr>
            <tr></tr>
            <tr id="com.adactin.Testcases.TestCase101_Teardown_byClass_FAIL4_row"
                class="testMethodStatusFAIL testMethodStatusCONF">
               <td width="100%" class="firstMethodCell">
                  <a onclick="toggleDetailsVisibility('com.adactin.Testcases.TestCase101_Teardown_byClass_FAIL4_details')">Teardown()</a>
               </td>
               <td nowrap="true">20:18:41</td>
               <td nowrap="true" align="right">0 ms
                  
               </td>
               <td nowrap="true">
                  <a onclick="toggleDetailsVisibility('com.adactin.Testcases.TestCase101_Teardown_byClass_FAIL4_exception')">org.openqa.selenium.remote.SessionNotFoundException: 
                     no such session
                     (Driver info: chromedriver=2.8.241075,platform=Windows NT 6.3 x86_64) (WARNING: The server did not provide any stacktrace
                     information)
                     Command duration or timeout: 168 milliseconds
                     Build info: version: '2.45.0', revision: '5017cb8', time: '2015-02-27 00:00:10'
                     System info: host: 'DESKTOP-7I28866', ip: '192.168.2.12', os.name: 'Windows 10', os.arch: 'amd64', os.version: '10.0', java.version:
                     '1.8.0_91'
                     Driver info: org.openqa.selenium.chrome.ChromeDriver
                     Capabilities [{applicationCacheEnabled=false, rotatable=false, chrome={userDataDir=C:\Users\sijoy\AppData\Local\Temp\scoped_dir4272_10143},
                     takesHeapSnapshot=true, databaseEnabled=false, handlesAlerts=true, version=51.0.2704.106, platform=XP, browserConnectionEnabled=false,
                     nativeEvents=true, acceptSslCerts=true, locationContextEnabled=true, webStorageEnabled=true, browserName=chrome, takesScreenshot=true,
                     javascriptEnabled=true, cssSelectorsEnabled=true}]
                     Session ID: 6cb2914bbcb13baca4394633e58bb836
                     
                  </a>
                   
                  
               </td>
            </tr>
            <tr>
               <td colspan="4" class="detailsBox">
                  <div id="com.adactin.Testcases.TestCase101_Teardown_byClass_FAIL4_details"
                       class="testMethodDetails">
                     <div>
                        <b>Name: </b>Teardown
                     </div>
                     <div>
                        <b>Signature: </b>Teardown()[pri:0, instance:com.adactin.Testcases.TestCase102@7357a011]
                     </div>
                     <div>
                        <b>Start time: </b>20:18:41
                     </div>
                     <div>
                        <b>End time: </b>20:18:41
                     </div>
                     <div>
                        <b>Duration: </b>0 ms
                        
                     </div>
                  </div>
               </td>
            </tr>
            <tr>
               <td colspan="4" class="detailsBox">
                  <div id="com.adactin.Testcases.TestCase101_Teardown_byClass_FAIL4_exception"
                       class="testMethodDetails">
                     <pre style="padding: 5px; margin: 0;">org.openqa.selenium.remote.SessionNotFoundException: no such session
                        (Driver info: chromedriver=2.8.241075,platform=Windows NT 6.3 x86_64) (WARNING: The server did not provide any stacktrace
                        information)
                        Command duration or timeout: 168 milliseconds
                        Build info: version: '2.45.0', revision: '5017cb8', time: '2015-02-27 00:00:10'
                        System info: host: 'DESKTOP-7I28866', ip: '192.168.2.12', os.name: 'Windows 10', os.arch: 'amd64', os.version: '10.0', java.version:
                        '1.8.0_91'
                        Driver info: org.openqa.selenium.chrome.ChromeDriver
                        Capabilities [{applicationCacheEnabled=false, rotatable=false, chrome={userDataDir=C:\Users\sijoy\AppData\Local\Temp\scoped_dir4272_10143},
                        takesHeapSnapshot=true, databaseEnabled=false, handlesAlerts=true, version=51.0.2704.106, platform=XP, browserConnectionEnabled=false,
                        nativeEvents=true, acceptSslCerts=true, locationContextEnabled=true, webStorageEnabled=true, browserName=chrome, takesScreenshot=true,
                        javascriptEnabled=true, cssSelectorsEnabled=true}]
                        Session ID: 6cb2914bbcb13baca4394633e58bb836
                        	at sun.reflect.NativeConstructorAccessorImpl.newInstance0(Native Method)
                        	at sun.reflect.NativeConstructorAccessorImpl.newInstance(Unknown Source)
                        	at sun.reflect.DelegatingConstructorAccessorImpl.newInstance(Unknown Source)
                        	at java.lang.reflect.Constructor.newInstance(Unknown Source)
                        	at org.openqa.selenium.remote.ErrorHandler.createThrowable(ErrorHandler.java:204)
                        	at org.openqa.selenium.remote.ErrorHandler.throwIfResponseFailed(ErrorHandler.java:162)
                        	at org.openqa.selenium.remote.RemoteWebDriver.execute(RemoteWebDriver.java:599)
                        	at org.openqa.selenium.remote.RemoteWebDriver.execute(RemoteWebDriver.java:622)
                        	at org.openqa.selenium.remote.RemoteWebDriver.close(RemoteWebDriver.java:463)
                        	at com.adactin.Testcases.TestCase102.Teardown(TestCase102.java:89)
                        	at sun.reflect.NativeMethodAccessorImpl.invoke0(Native Method)
                        	at sun.reflect.NativeMethodAccessorImpl.invoke(Unknown Source)
                        	at sun.reflect.DelegatingMethodAccessorImpl.invoke(Unknown Source)
                        	at java.lang.reflect.Method.invoke(Unknown Source)
                        	at org.testng.internal.MethodInvocationHelper.invokeMethod(MethodInvocationHelper.java:100)
                        	at org.testng.internal.Invoker.invokeConfigurationMethod(Invoker.java:515)
                        	at org.testng.internal.Invoker.invokeConfigurations(Invoker.java:216)
                        	at org.testng.internal.Invoker.invokeConfigurations(Invoker.java:143)
                        	at org.testng.TestRunner.afterRun(TestRunner.java:973)
                        	at org.testng.TestRunner.run(TestRunner.java:604)
                        	at org.testng.SuiteRunner.runTest(SuiteRunner.java:366)
                        	at org.testng.SuiteRunner.runSequentially(SuiteRunner.java:361)
                        	at org.testng.SuiteRunner.privateRun(SuiteRunner.java:319)
                        	at org.testng.SuiteRunner.run(SuiteRunner.java:268)
                        	at org.testng.SuiteRunnerWorker.runSuite(SuiteRunnerWorker.java:52)
                        	at org.testng.SuiteRunnerWorker.run(SuiteRunnerWorker.java:86)
                        	at org.testng.TestNG.runSuitesSequentially(TestNG.java:1264)
                        	at org.testng.TestNG.runSuitesLocally(TestNG.java:1189)
                        	at org.testng.TestNG.runSuites(TestNG.java:1104)
                        	at org.testng.TestNG.run(TestNG.java:1076)
                        	at org.testng.TestNG.privateMain(TestNG.java:1405)
                        	at org.testng.TestNG.main(TestNG.java:1374)
                     </pre>
                  </div>
               </td>
            </tr>
            <tr id="com.adactin.Testcases.TestCase101_Teardown_byClass_SKIP5_row"
                class="testMethodStatusSKIP testMethodStatusCONF">
               <td width="100%" class="firstMethodCell">
                  <a onclick="toggleDetailsVisibility('com.adactin.Testcases.TestCase101_Teardown_byClass_SKIP5_details')">Teardown()</a>
               </td>
               <td nowrap="true">20:18:41</td>
               <td nowrap="true" align="right">0 ms
                  
               </td>
               <td nowrap="true">
                   
                  
               </td>
            </tr>
            <tr>
               <td colspan="4" class="detailsBox">
                  <div id="com.adactin.Testcases.TestCase101_Teardown_byClass_SKIP5_details"
                       class="testMethodDetails">
                     <div>
                        <b>Name: </b>Teardown
                     </div>
                     <div>
                        <b>Signature: </b>Teardown()[pri:0, instance:com.adactin.Testcases.TestCase114@3c01cfa1]
                     </div>
                     <div>
                        <b>Start time: </b>20:18:41
                     </div>
                     <div>
                        <b>End time: </b>20:18:41
                     </div>
                     <div>
                        <b>Duration: </b>0 ms
                        
                     </div>
                  </div>
               </td>
            </tr>
            <tr></tr>
            <tr id="com.adactin.Testcases.TestCase101_Teardown_byClass_SKIP6_row"
                class="testMethodStatusSKIP testMethodStatusCONF">
               <td width="100%" class="firstMethodCell">
                  <a onclick="toggleDetailsVisibility('com.adactin.Testcases.TestCase101_Teardown_byClass_SKIP6_details')">Teardown()</a>
               </td>
               <td nowrap="true">20:18:41</td>
               <td nowrap="true" align="right">0 ms
                  
               </td>
               <td nowrap="true">
                   
                  
               </td>
            </tr>
            <tr>
               <td colspan="4" class="detailsBox">
                  <div id="com.adactin.Testcases.TestCase101_Teardown_byClass_SKIP6_details"
                       class="testMethodDetails">
                     <div>
                        <b>Name: </b>Teardown
                     </div>
                     <div>
                        <b>Signature: </b>Teardown()[pri:0, instance:com.adactin.Testcases.TestCase113@40317ba2]
                     </div>
                     <div>
                        <b>Start time: </b>20:18:41
                     </div>
                     <div>
                        <b>End time: </b>20:18:41
                     </div>
                     <div>
                        <b>Duration: </b>0 ms
                        
                     </div>
                  </div>
               </td>
            </tr>
            <tr></tr>
            <tr id="com.adactin.Testcases.TestCase101_Teardown_byClass_SKIP7_row"
                class="testMethodStatusSKIP testMethodStatusCONF">
               <td width="100%" class="firstMethodCell">
                  <a onclick="toggleDetailsVisibility('com.adactin.Testcases.TestCase101_Teardown_byClass_SKIP7_details')">Teardown()</a>
               </td>
               <td nowrap="true">20:18:41</td>
               <td nowrap="true" align="right">0 ms
                  
               </td>
               <td nowrap="true">
                   
                  
               </td>
            </tr>
            <tr>
               <td colspan="4" class="detailsBox">
                  <div id="com.adactin.Testcases.TestCase101_Teardown_byClass_SKIP7_details"
                       class="testMethodDetails">
                     <div>
                        <b>Name: </b>Teardown
                     </div>
                     <div>
                        <b>Signature: </b>Teardown()[pri:0, instance:com.adactin.Testcases.TestCase119@b978d10]
                     </div>
                     <div>
                        <b>Start time: </b>20:18:41
                     </div>
                     <div>
                        <b>End time: </b>20:18:41
                     </div>
                     <div>
                        <b>Duration: </b>0 ms
                        
                     </div>
                  </div>
               </td>
            </tr>
            <tr></tr>
            <tr id="com.adactin.Testcases.TestCase101_Teardown_byClass_SKIP8_row"
                class="testMethodStatusSKIP testMethodStatusCONF">
               <td width="100%" class="firstMethodCell">
                  <a onclick="toggleDetailsVisibility('com.adactin.Testcases.TestCase101_Teardown_byClass_SKIP8_details')">Teardown()</a>
               </td>
               <td nowrap="true">20:18:41</td>
               <td nowrap="true" align="right">0 ms
                  
               </td>
               <td nowrap="true">
                   
                  
               </td>
            </tr>
            <tr>
               <td colspan="4" class="detailsBox">
                  <div id="com.adactin.Testcases.TestCase101_Teardown_byClass_SKIP8_details"
                       class="testMethodDetails">
                     <div>
                        <b>Name: </b>Teardown
                     </div>
                     <div>
                        <b>Signature: </b>Teardown()[pri:0, instance:com.adactin.Testcases.TestCase117@39d9314d]
                     </div>
                     <div>
                        <b>Start time: </b>20:18:41
                     </div>
                     <div>
                        <b>End time: </b>20:18:41
                     </div>
                     <div>
                        <b>Duration: </b>0 ms
                        
                     </div>
                  </div>
               </td>
            </tr>
            <tr></tr>
            <tr id="com.adactin.Testcases.TestCase101_Teardown_byClass_SKIP9_row"
                class="testMethodStatusSKIP testMethodStatusCONF">
               <td width="100%" class="firstMethodCell">
                  <a onclick="toggleDetailsVisibility('com.adactin.Testcases.TestCase101_Teardown_byClass_SKIP9_details')">Teardown()</a>
               </td>
               <td nowrap="true">20:18:41</td>
               <td nowrap="true" align="right">0 ms
                  
               </td>
               <td nowrap="true">
                   
                  
               </td>
            </tr>
            <tr>
               <td colspan="4" class="detailsBox">
                  <div id="com.adactin.Testcases.TestCase101_Teardown_byClass_SKIP9_details"
                       class="testMethodDetails">
                     <div>
                        <b>Name: </b>Teardown
                     </div>
                     <div>
                        <b>Signature: </b>Teardown()[pri:0, instance:com.adactin.Testcases.TestCase111@4816278d]
                     </div>
                     <div>
                        <b>Start time: </b>20:18:41
                     </div>
                     <div>
                        <b>End time: </b>20:18:41
                     </div>
                     <div>
                        <b>Duration: </b>0 ms
                        
                     </div>
                  </div>
               </td>
            </tr>
            <tr></tr>
            <tr id="com.adactin.Testcases.TestCase101_Teardown_byClass_SKIP10_row"
                class="testMethodStatusSKIP testMethodStatusCONF">
               <td width="100%" class="firstMethodCell">
                  <a onclick="toggleDetailsVisibility('com.adactin.Testcases.TestCase101_Teardown_byClass_SKIP10_details')">Teardown()</a>
               </td>
               <td nowrap="true">20:18:41</td>
               <td nowrap="true" align="right">0 ms
                  
               </td>
               <td nowrap="true">
                   
                  
               </td>
            </tr>
            <tr>
               <td colspan="4" class="detailsBox">
                  <div id="com.adactin.Testcases.TestCase101_Teardown_byClass_SKIP10_details"
                       class="testMethodDetails">
                     <div>
                        <b>Name: </b>Teardown
                     </div>
                     <div>
                        <b>Signature: </b>Teardown()[pri:0, instance:com.adactin.Testcases.TestCase116@727eb8cb]
                     </div>
                     <div>
                        <b>Start time: </b>20:18:41
                     </div>
                     <div>
                        <b>End time: </b>20:18:41
                     </div>
                     <div>
                        <b>Duration: </b>0 ms
                        
                     </div>
                  </div>
               </td>
            </tr>
            <tr></tr>
            <tr id="com.adactin.Testcases.TestCase101_Teardown_byClass_SKIP11_row"
                class="testMethodStatusSKIP testMethodStatusCONF">
               <td width="100%" class="firstMethodCell">
                  <a onclick="toggleDetailsVisibility('com.adactin.Testcases.TestCase101_Teardown_byClass_SKIP11_details')">Teardown()</a>
               </td>
               <td nowrap="true">20:18:41</td>
               <td nowrap="true" align="right">0 ms
                  
               </td>
               <td nowrap="true">
                   
                  
               </td>
            </tr>
            <tr>
               <td colspan="4" class="detailsBox">
                  <div id="com.adactin.Testcases.TestCase101_Teardown_byClass_SKIP11_details"
                       class="testMethodDetails">
                     <div>
                        <b>Name: </b>Teardown
                     </div>
                     <div>
                        <b>Signature: </b>Teardown()[pri:0, instance:com.adactin.Testcases.TestCase110@68f4865]
                     </div>
                     <div>
                        <b>Start time: </b>20:18:41
                     </div>
                     <div>
                        <b>End time: </b>20:18:41
                     </div>
                     <div>
                        <b>Duration: </b>0 ms
                        
                     </div>
                  </div>
               </td>
            </tr>
            <tr></tr>
            <tr id="com.adactin.Testcases.TestCase101_Teardown_byClass_SKIP12_row"
                class="testMethodStatusSKIP testMethodStatusCONF">
               <td width="100%" class="firstMethodCell">
                  <a onclick="toggleDetailsVisibility('com.adactin.Testcases.TestCase101_Teardown_byClass_SKIP12_details')">Teardown()</a>
               </td>
               <td nowrap="true">20:18:41</td>
               <td nowrap="true" align="right">0 ms
                  
               </td>
               <td nowrap="true">
                   
                  
               </td>
            </tr>
            <tr>
               <td colspan="4" class="detailsBox">
                  <div id="com.adactin.Testcases.TestCase101_Teardown_byClass_SKIP12_details"
                       class="testMethodDetails">
                     <div>
                        <b>Name: </b>Teardown
                     </div>
                     <div>
                        <b>Signature: </b>Teardown()[pri:0, instance:com.adactin.Testcases.TestCase115@45d2ade3]
                     </div>
                     <div>
                        <b>Start time: </b>20:18:41
                     </div>
                     <div>
                        <b>End time: </b>20:18:41
                     </div>
                     <div>
                        <b>Duration: </b>0 ms
                        
                     </div>
                  </div>
               </td>
            </tr>
            <tr></tr>
            <tr id="com.adactin.Testcases.TestCase101_Teardown_byClass_SKIP13_row"
                class="testMethodStatusSKIP testMethodStatusCONF">
               <td width="100%" class="firstMethodCell">
                  <a onclick="toggleDetailsVisibility('com.adactin.Testcases.TestCase101_Teardown_byClass_SKIP13_details')">Teardown()</a>
               </td>
               <td nowrap="true">20:18:41</td>
               <td nowrap="true" align="right">0 ms
                  
               </td>
               <td nowrap="true">
                   
                  
               </td>
            </tr>
            <tr>
               <td colspan="4" class="detailsBox">
                  <div id="com.adactin.Testcases.TestCase101_Teardown_byClass_SKIP13_details"
                       class="testMethodDetails">
                     <div>
                        <b>Name: </b>Teardown
                     </div>
                     <div>
                        <b>Signature: </b>Teardown()[pri:0, instance:com.adactin.Testcases.TestCase120@2ce6c6ec]
                     </div>
                     <div>
                        <b>Start time: </b>20:18:41
                     </div>
                     <div>
                        <b>End time: </b>20:18:41
                     </div>
                     <div>
                        <b>Duration: </b>0 ms
                        
                     </div>
                  </div>
               </td>
            </tr>
            <tr></tr>
            <tr id="com.adactin.Testcases.TestCase101_Teardown_byClass_SKIP14_row"
                class="testMethodStatusSKIP testMethodStatusCONF">
               <td width="100%" class="firstMethodCell">
                  <a onclick="toggleDetailsVisibility('com.adactin.Testcases.TestCase101_Teardown_byClass_SKIP14_details')">Teardown()</a>
               </td>
               <td nowrap="true">20:18:41</td>
               <td nowrap="true" align="right">0 ms
                  
               </td>
               <td nowrap="true">
                   
                  
               </td>
            </tr>
            <tr>
               <td colspan="4" class="detailsBox">
                  <div id="com.adactin.Testcases.TestCase101_Teardown_byClass_SKIP14_details"
                       class="testMethodDetails">
                     <div>
                        <b>Name: </b>Teardown
                     </div>
                     <div>
                        <b>Signature: </b>Teardown()[pri:0, instance:com.adactin.Testcases.TestCase103@3406472c]
                     </div>
                     <div>
                        <b>Start time: </b>20:18:41
                     </div>
                     <div>
                        <b>End time: </b>20:18:41
                     </div>
                     <div>
                        <b>Duration: </b>0 ms
                        
                     </div>
                  </div>
               </td>
            </tr>
            <tr></tr>
            <tr id="com.adactin.Testcases.TestCase101_Teardown_byClass_SKIP15_row"
                class="testMethodStatusSKIP testMethodStatusCONF">
               <td width="100%" class="firstMethodCell">
                  <a onclick="toggleDetailsVisibility('com.adactin.Testcases.TestCase101_Teardown_byClass_SKIP15_details')">Teardown()</a>
               </td>
               <td nowrap="true">20:18:41</td>
               <td nowrap="true" align="right">0 ms
                  
               </td>
               <td nowrap="true">
                   
                  
               </td>
            </tr>
            <tr>
               <td colspan="4" class="detailsBox">
                  <div id="com.adactin.Testcases.TestCase101_Teardown_byClass_SKIP15_details"
                       class="testMethodDetails">
                     <div>
                        <b>Name: </b>Teardown
                     </div>
                     <div>
                        <b>Signature: </b>Teardown()[pri:0, instance:com.adactin.Testcases.TestCase112@4eaf3684]
                     </div>
                     <div>
                        <b>Start time: </b>20:18:41
                     </div>
                     <div>
                        <b>End time: </b>20:18:41
                     </div>
                     <div>
                        <b>Duration: </b>0 ms
                        
                     </div>
                  </div>
               </td>
            </tr>
            <tr></tr>
            <tr id="com.adactin.Testcases.TestCase101_Teardown_byClass_SKIP16_row"
                class="testMethodStatusSKIP testMethodStatusCONF">
               <td width="100%" class="firstMethodCell">
                  <a onclick="toggleDetailsVisibility('com.adactin.Testcases.TestCase101_Teardown_byClass_SKIP16_details')">Teardown()</a>
               </td>
               <td nowrap="true">20:18:41</td>
               <td nowrap="true" align="right">0 ms
                  
               </td>
               <td nowrap="true">
                   
                  
               </td>
            </tr>
            <tr>
               <td colspan="4" class="detailsBox">
                  <div id="com.adactin.Testcases.TestCase101_Teardown_byClass_SKIP16_details"
                       class="testMethodDetails">
                     <div>
                        <b>Name: </b>Teardown
                     </div>
                     <div>
                        <b>Signature: </b>Teardown()[pri:0, instance:com.adactin.Testcases.TestCase104@5717c37]
                     </div>
                     <div>
                        <b>Start time: </b>20:18:41
                     </div>
                     <div>
                        <b>End time: </b>20:18:41
                     </div>
                     <div>
                        <b>Duration: </b>0 ms
                        
                     </div>
                  </div>
               </td>
            </tr>
            <tr></tr>
         </table>
         <br></br>
         <table class="testMethodsTable" cellpadding="0" cellspacing="0">
            <tr>
               <td colspan="4">
                  <h3 style="display: inline;">com.adactin.Testcases.TestCase102</h3>
               </td>
            </tr>
            <tr class="methodsTableHeader">
               <td width="100%">Name</td>
               <td nowrap="true">Started</td>
               <td nowrap="true">Duration</td>
               <td>Exception</td>
            </tr>
            <tr id="com.adactin.Testcases.TestCase102_EnterDetailToCompareDate_byClass_PASS1_row"
                class="testMethodStatusPASS">
               <td width="100%" class="firstMethodCell">
                  <a onclick="toggleDetailsVisibility('com.adactin.Testcases.TestCase102_EnterDetailToCompareDate_byClass_PASS1_details')">EnterDetailToCompareDate({Numberroom=1-One, CheckInDate="15/05/2016", CheckOutDate="14/05/2016", Location=Sydney, Hotels=Hotel
                     Creek, Expected_massage=Check-In Date shall be before than Check-Out Date, AdultsperRoom=4 - Four, ChildrenperRoom=2 - Two,
                     RoomType=Double})
                  </a>
               </td>
               <td nowrap="true">20:16:53</td>
               <td nowrap="true" align="right">6s
                  
               </td>
               <td nowrap="true">
                   
                  
               </td>
            </tr>
            <tr>
               <td colspan="4" class="detailsBox">
                  <div id="com.adactin.Testcases.TestCase102_EnterDetailToCompareDate_byClass_PASS1_details"
                       class="testMethodDetails">
                     <div>
                        <b>Name: </b>EnterDetailToCompareDate
                     </div>
                     <div>
                        <b>Signature: </b>EnterDetailToCompareDate(java.util.Hashtable)[pri:0, instance:com.adactin.Testcases.TestCase102@7357a011]
                     </div>
                     <div>
                        <b>Parameters: </b>
                        
                        {Numberroom=1-One, CheckInDate="15/05/2016", CheckOutDate="14/05/2016", Location=Sydney, Hotels=Hotel Creek, Expected_massage=Check-In
                        Date shall be before than Check-Out Date, AdultsperRoom=4 - Four, ChildrenperRoom=2 - Two, RoomType=Double}
                        
                        
                     </div>
                     <div>
                        <b>Start time: </b>20:16:53
                     </div>
                     <div>
                        <b>End time: </b>20:16:59
                     </div>
                     <div>
                        <b>Duration: </b>6s
                        
                     </div>
                  </div>
               </td>
            </tr>
            <tr></tr>
         </table>
         <br></br>
         <table class="testMethodsTable" cellpadding="0" cellspacing="0">
            <tr>
               <td colspan="4">
                  <h3 style="display: inline;">com.adactin.Testcases.TestCase103</h3>
               </td>
            </tr>
            <tr class="methodsTableHeader">
               <td width="100%">Name</td>
               <td nowrap="true">Started</td>
               <td nowrap="true">Duration</td>
               <td>Exception</td>
            </tr>
            <tr id="com.adactin.Testcases.TestCase103_PastDateEntry_byClass_FAIL1_row"
                class="testMethodStatusFAIL">
               <td width="100%" class="firstMethodCell">
                  <a onclick="toggleDetailsVisibility('com.adactin.Testcases.TestCase103_PastDateEntry_byClass_FAIL1_details')">PastDateEntry({Numberroom=1-One, CheckInDate="11/05/2015", CheckOutDate="12/05/2015", Location=Sydney, Hotels=Hotel Creek,
                     Expected_massage=Enter Valid dates, AdultsperRoom=4 - Four, ChildrenperRoom=2 - Two, RoomType=Double})
                  </a>
               </td>
               <td nowrap="true">20:16:59</td>
               <td nowrap="true" align="right">5s
                  
               </td>
               <td nowrap="true">
                  <a onclick="toggleDetailsVisibility('com.adactin.Testcases.TestCase103_PastDateEntry_byClass_FAIL1_exception')">java.lang.AssertionError: 
                     Error message not displayed even if dates are already past
                     
                  </a>
                   
                  
               </td>
            </tr>
            <tr>
               <td colspan="4" class="detailsBox">
                  <div id="com.adactin.Testcases.TestCase103_PastDateEntry_byClass_FAIL1_details"
                       class="testMethodDetails">
                     <div>
                        <b>Name: </b>PastDateEntry
                     </div>
                     <div>
                        <b>Signature: </b>PastDateEntry(java.util.Hashtable)[pri:0, instance:com.adactin.Testcases.TestCase103@3406472c]
                     </div>
                     <div>
                        <b>Parameters: </b>
                        
                        {Numberroom=1-One, CheckInDate="11/05/2015", CheckOutDate="12/05/2015", Location=Sydney, Hotels=Hotel Creek, Expected_massage=Enter
                        Valid dates, AdultsperRoom=4 - Four, ChildrenperRoom=2 - Two, RoomType=Double}
                        
                        
                     </div>
                     <div>
                        <b>Start time: </b>20:16:59
                     </div>
                     <div>
                        <b>End time: </b>20:17:04
                     </div>
                     <div>
                        <b>Duration: </b>5s
                        
                     </div>
                  </div>
               </td>
            </tr>
            <tr>
               <td colspan="4" class="detailsBox">
                  <div id="com.adactin.Testcases.TestCase103_PastDateEntry_byClass_FAIL1_exception"
                       class="testMethodDetails">
                     <pre style="padding: 5px; margin: 0;">java.lang.AssertionError: Error message not displayed even if dates are already past
                        	at org.junit.Assert.fail(Assert.java:88)
                        	at org.junit.Assert.assertTrue(Assert.java:41)
                        	at com.adactin.Testcases.TestCase103.PastDateEntry(TestCase103.java:65)
                        	at sun.reflect.NativeMethodAccessorImpl.invoke0(Native Method)
                        	at sun.reflect.NativeMethodAccessorImpl.invoke(Unknown Source)
                        	at sun.reflect.DelegatingMethodAccessorImpl.invoke(Unknown Source)
                        	at java.lang.reflect.Method.invoke(Unknown Source)
                        	at org.testng.internal.MethodInvocationHelper.invokeMethod(MethodInvocationHelper.java:100)
                        	at org.testng.internal.Invoker.invokeMethod(Invoker.java:646)
                        	at org.testng.internal.Invoker.invokeTestMethod(Invoker.java:811)
                        	at org.testng.internal.Invoker.invokeTestMethods(Invoker.java:1129)
                        	at org.testng.internal.TestMethodWorker.invokeTestMethods(TestMethodWorker.java:129)
                        	at org.testng.internal.TestMethodWorker.run(TestMethodWorker.java:112)
                        	at org.testng.TestRunner.privateRun(TestRunner.java:746)
                        	at org.testng.TestRunner.run(TestRunner.java:600)
                        	at org.testng.SuiteRunner.runTest(SuiteRunner.java:366)
                        	at org.testng.SuiteRunner.runSequentially(SuiteRunner.java:361)
                        	at org.testng.SuiteRunner.privateRun(SuiteRunner.java:319)
                        	at org.testng.SuiteRunner.run(SuiteRunner.java:268)
                        	at org.testng.SuiteRunnerWorker.runSuite(SuiteRunnerWorker.java:52)
                        	at org.testng.SuiteRunnerWorker.run(SuiteRunnerWorker.java:86)
                        	at org.testng.TestNG.runSuitesSequentially(TestNG.java:1264)
                        	at org.testng.TestNG.runSuitesLocally(TestNG.java:1189)
                        	at org.testng.TestNG.runSuites(TestNG.java:1104)
                        	at org.testng.TestNG.run(TestNG.java:1076)
                        	at org.testng.TestNG.privateMain(TestNG.java:1405)
                        	at org.testng.TestNG.main(TestNG.java:1374)
                     </pre>
                  </div>
               </td>
            </tr>
         </table>
         <br></br>
         <table class="testMethodsTable" cellpadding="0" cellspacing="0">
            <tr>
               <td colspan="4">
                  <h3 style="display: inline;">com.adactin.Testcases.TestCase104</h3>
               </td>
            </tr>
            <tr class="methodsTableHeader">
               <td width="100%">Name</td>
               <td nowrap="true">Started</td>
               <td nowrap="true">Duration</td>
               <td>Exception</td>
            </tr>
            <tr id="com.adactin.Testcases.TestCase104_ValidationOfData_byClass_FAIL1_row"
                class="testMethodStatusFAIL">
               <td width="100%" class="firstMethodCell">
                  <a onclick="toggleDetailsVisibility('com.adactin.Testcases.TestCase104_ValidationOfData_byClass_FAIL1_details')">ValidationOfData({CheckInDate="15/05/2016", Location=Sydney, ChildrenperRoom=2 - Two, CheckOutDate="18/05/2016", RoomType=Double,
                     AdultsperRoom=4 - Four, Numberroom=1-One, Hotels=Hotel Creek})
                  </a>
               </td>
               <td nowrap="true">20:17:04</td>
               <td nowrap="true" align="right">4s
                  
               </td>
               <td nowrap="true">
                  <a onclick="toggleDetailsVisibility('com.adactin.Testcases.TestCase104_ValidationOfData_byClass_FAIL1_exception')">java.lang.AssertionError: 
                     The following asserts failed:
                     	Total Price calculated is not proper.Actual Price:AUD $ 685 Expected Price:AUD $675 expected [true] but found [false]
                     
                  </a>
                   
                  
               </td>
            </tr>
            <tr>
               <td colspan="4" class="detailsBox">
                  <div id="com.adactin.Testcases.TestCase104_ValidationOfData_byClass_FAIL1_details"
                       class="testMethodDetails">
                     <div>
                        <b>Name: </b>ValidationOfData
                     </div>
                     <div>
                        <b>Signature: </b>ValidationOfData(java.util.Hashtable)[pri:0, instance:com.adactin.Testcases.TestCase104@5717c37]
                     </div>
                     <div>
                        <b>Parameters: </b>
                        
                        {CheckInDate="15/05/2016", Location=Sydney, ChildrenperRoom=2 - Two, CheckOutDate="18/05/2016", RoomType=Double, AdultsperRoom=4
                        - Four, Numberroom=1-One, Hotels=Hotel Creek}
                        
                        
                     </div>
                     <div>
                        <b>Start time: </b>20:17:04
                     </div>
                     <div>
                        <b>End time: </b>20:17:08
                     </div>
                     <div>
                        <b>Duration: </b>4s
                        
                     </div>
                  </div>
               </td>
            </tr>
            <tr>
               <td colspan="4" class="detailsBox">
                  <div id="com.adactin.Testcases.TestCase104_ValidationOfData_byClass_FAIL1_exception"
                       class="testMethodDetails">
                     <pre style="padding: 5px; margin: 0;">java.lang.AssertionError: The following asserts failed:
                        	Total Price calculated is not proper.Actual Price:AUD $ 685 Expected Price:AUD $675 expected [true] but found [false]
                        	at org.testng.asserts.SoftAssert.assertAll(SoftAssert.java:43)
                        	at com.adactin.Testcases.TestCase104.ValidationOfData(TestCase104.java:56)
                        	at sun.reflect.NativeMethodAccessorImpl.invoke0(Native Method)
                        	at sun.reflect.NativeMethodAccessorImpl.invoke(Unknown Source)
                        	at sun.reflect.DelegatingMethodAccessorImpl.invoke(Unknown Source)
                        	at java.lang.reflect.Method.invoke(Unknown Source)
                        	at org.testng.internal.MethodInvocationHelper.invokeMethod(MethodInvocationHelper.java:100)
                        	at org.testng.internal.Invoker.invokeMethod(Invoker.java:646)
                        	at org.testng.internal.Invoker.invokeTestMethod(Invoker.java:811)
                        	at org.testng.internal.Invoker.invokeTestMethods(Invoker.java:1129)
                        	at org.testng.internal.TestMethodWorker.invokeTestMethods(TestMethodWorker.java:129)
                        	at org.testng.internal.TestMethodWorker.run(TestMethodWorker.java:112)
                        	at org.testng.TestRunner.privateRun(TestRunner.java:746)
                        	at org.testng.TestRunner.run(TestRunner.java:600)
                        	at org.testng.SuiteRunner.runTest(SuiteRunner.java:366)
                        	at org.testng.SuiteRunner.runSequentially(SuiteRunner.java:361)
                        	at org.testng.SuiteRunner.privateRun(SuiteRunner.java:319)
                        	at org.testng.SuiteRunner.run(SuiteRunner.java:268)
                        	at org.testng.SuiteRunnerWorker.runSuite(SuiteRunnerWorker.java:52)
                        	at org.testng.SuiteRunnerWorker.run(SuiteRunnerWorker.java:86)
                        	at org.testng.TestNG.runSuitesSequentially(TestNG.java:1264)
                        	at org.testng.TestNG.runSuitesLocally(TestNG.java:1189)
                        	at org.testng.TestNG.runSuites(TestNG.java:1104)
                        	at org.testng.TestNG.run(TestNG.java:1076)
                        	at org.testng.TestNG.privateMain(TestNG.java:1405)
                        	at org.testng.TestNG.main(TestNG.java:1374)
                     </pre>
                  </div>
               </td>
            </tr>
         </table>
         <br></br>
         <table class="testMethodsTable" cellpadding="0" cellspacing="0">
            <tr>
               <td colspan="4">
                  <h3 style="display: inline;">com.adactin.Testcases.TestCase110</h3>
               </td>
            </tr>
            <tr class="methodsTableHeader">
               <td width="100%">Name</td>
               <td nowrap="true">Started</td>
               <td nowrap="true">Duration</td>
               <td>Exception</td>
            </tr>
            <tr id="com.adactin.Testcases.TestCase110_PriceWithGSTValidation_byClass_FAIL1_row"
                class="testMethodStatusFAIL">
               <td width="100%" class="firstMethodCell">
                  <a onclick="toggleDetailsVisibility('com.adactin.Testcases.TestCase110_PriceWithGSTValidation_byClass_FAIL1_details')">PriceWithGSTValidation({CheckInDate="15/05/2016", Location=Sydney, ChildrenperRoom=2 - Two, CheckOutDate="18/05/2016", RoomType=Double,
                     AdultsperRoom=4 - Four, Numberroom=1-One, Hotels=Hotel Creek})
                  </a>
               </td>
               <td nowrap="true">20:17:08</td>
               <td nowrap="true" align="right">4s
                  
               </td>
               <td nowrap="true">
                  <a onclick="toggleDetailsVisibility('com.adactin.Testcases.TestCase110_PriceWithGSTValidation_byClass_FAIL1_exception')">java.lang.AssertionError: 
                     Final Billed Price calculated is not proper.Actual Price:AUD $ 685 Expected Price:AUD $675 expected [true] but found [false]
                     
                  </a>
                   
                  
               </td>
            </tr>
            <tr>
               <td colspan="4" class="detailsBox">
                  <div id="com.adactin.Testcases.TestCase110_PriceWithGSTValidation_byClass_FAIL1_details"
                       class="testMethodDetails">
                     <div>
                        <b>Name: </b>PriceWithGSTValidation
                     </div>
                     <div>
                        <b>Signature: </b>PriceWithGSTValidation(java.util.Hashtable)[pri:0, instance:com.adactin.Testcases.TestCase110@68f4865]
                     </div>
                     <div>
                        <b>Parameters: </b>
                        
                        {CheckInDate="15/05/2016", Location=Sydney, ChildrenperRoom=2 - Two, CheckOutDate="18/05/2016", RoomType=Double, AdultsperRoom=4
                        - Four, Numberroom=1-One, Hotels=Hotel Creek}
                        
                        
                     </div>
                     <div>
                        <b>Start time: </b>20:17:08
                     </div>
                     <div>
                        <b>End time: </b>20:17:11
                     </div>
                     <div>
                        <b>Duration: </b>4s
                        
                     </div>
                  </div>
               </td>
            </tr>
            <tr>
               <td colspan="4" class="detailsBox">
                  <div id="com.adactin.Testcases.TestCase110_PriceWithGSTValidation_byClass_FAIL1_exception"
                       class="testMethodDetails">
                     <pre style="padding: 5px; margin: 0;">java.lang.AssertionError: Final Billed Price calculated is not proper.Actual Price:AUD $ 685 Expected Price:AUD $675 expected
                        [true] but found [false]
                        	at org.testng.Assert.fail(Assert.java:94)
                        	at org.testng.Assert.failNotEquals(Assert.java:513)
                        	at org.testng.Assert.assertTrue(Assert.java:42)
                        	at com.adactin.Testcases.TestCase110.PriceWithGSTValidation(TestCase110.java:48)
                        	at sun.reflect.NativeMethodAccessorImpl.invoke0(Native Method)
                        	at sun.reflect.NativeMethodAccessorImpl.invoke(Unknown Source)
                        	at sun.reflect.DelegatingMethodAccessorImpl.invoke(Unknown Source)
                        	at java.lang.reflect.Method.invoke(Unknown Source)
                        	at org.testng.internal.MethodInvocationHelper.invokeMethod(MethodInvocationHelper.java:100)
                        	at org.testng.internal.Invoker.invokeMethod(Invoker.java:646)
                        	at org.testng.internal.Invoker.invokeTestMethod(Invoker.java:811)
                        	at org.testng.internal.Invoker.invokeTestMethods(Invoker.java:1129)
                        	at org.testng.internal.TestMethodWorker.invokeTestMethods(TestMethodWorker.java:129)
                        	at org.testng.internal.TestMethodWorker.run(TestMethodWorker.java:112)
                        	at org.testng.TestRunner.privateRun(TestRunner.java:746)
                        	at org.testng.TestRunner.run(TestRunner.java:600)
                        	at org.testng.SuiteRunner.runTest(SuiteRunner.java:366)
                        	at org.testng.SuiteRunner.runSequentially(SuiteRunner.java:361)
                        	at org.testng.SuiteRunner.privateRun(SuiteRunner.java:319)
                        	at org.testng.SuiteRunner.run(SuiteRunner.java:268)
                        	at org.testng.SuiteRunnerWorker.runSuite(SuiteRunnerWorker.java:52)
                        	at org.testng.SuiteRunnerWorker.run(SuiteRunnerWorker.java:86)
                        	at org.testng.TestNG.runSuitesSequentially(TestNG.java:1264)
                        	at org.testng.TestNG.runSuitesLocally(TestNG.java:1189)
                        	at org.testng.TestNG.runSuites(TestNG.java:1104)
                        	at org.testng.TestNG.run(TestNG.java:1076)
                        	at org.testng.TestNG.privateMain(TestNG.java:1405)
                        	at org.testng.TestNG.main(TestNG.java:1374)
                     </pre>
                  </div>
               </td>
            </tr>
         </table>
         <br></br>
         <table class="testMethodsTable" cellpadding="0" cellspacing="0">
            <tr>
               <td colspan="4">
                  <h3 style="display: inline;">com.adactin.Testcases.TestCase111</h3>
               </td>
            </tr>
            <tr class="methodsTableHeader">
               <td width="100%">Name</td>
               <td nowrap="true">Started</td>
               <td nowrap="true">Duration</td>
               <td>Exception</td>
            </tr>
            <tr id="com.adactin.Testcases.TestCase111_PastDateEntry_byClass_PASS1_row"
                class="testMethodStatusPASS">
               <td width="100%" class="firstMethodCell">
                  <a onclick="toggleDetailsVisibility('com.adactin.Testcases.TestCase111_PastDateEntry_byClass_PASS1_details')">PastDateEntry({CheckInDate="15/05/2016", Location=Sydney, ChildrenperRoom=2 - Two, CheckOutDate="18/05/2016", RoomType=Double,
                     AdultsperRoom=4 - Four, Numberroom=1-One, Hotels=Hotel Creek})
                  </a>
               </td>
               <td nowrap="true">20:17:11</td>
               <td nowrap="true" align="right">4s
                  
               </td>
               <td nowrap="true">
                   
                  
               </td>
            </tr>
            <tr>
               <td colspan="4" class="detailsBox">
                  <div id="com.adactin.Testcases.TestCase111_PastDateEntry_byClass_PASS1_details"
                       class="testMethodDetails">
                     <div>
                        <b>Name: </b>PastDateEntry
                     </div>
                     <div>
                        <b>Signature: </b>PastDateEntry(java.util.Hashtable)[pri:1, instance:com.adactin.Testcases.TestCase111@4816278d]
                     </div>
                     <div>
                        <b>Parameters: </b>
                        
                        {CheckInDate="15/05/2016", Location=Sydney, ChildrenperRoom=2 - Two, CheckOutDate="18/05/2016", RoomType=Double, AdultsperRoom=4
                        - Four, Numberroom=1-One, Hotels=Hotel Creek}
                        
                        
                     </div>
                     <div>
                        <b>Start time: </b>20:17:11
                     </div>
                     <div>
                        <b>End time: </b>20:17:15
                     </div>
                     <div>
                        <b>Duration: </b>4s
                        
                     </div>
                  </div>
               </td>
            </tr>
            <tr></tr>
         </table>
         <br></br>
         <table class="testMethodsTable" cellpadding="0" cellspacing="0">
            <tr>
               <td colspan="4">
                  <h3 style="display: inline;">com.adactin.Testcases.TestCase112</h3>
               </td>
            </tr>
            <tr class="methodsTableHeader">
               <td width="100%">Name</td>
               <td nowrap="true">Started</td>
               <td nowrap="true">Duration</td>
               <td>Exception</td>
            </tr>
            <tr id="com.adactin.Testcases.TestCase112_PriceWithGSTValidation_byClass_FAIL1_row"
                class="testMethodStatusFAIL">
               <td width="100%" class="firstMethodCell">
                  <a onclick="toggleDetailsVisibility('com.adactin.Testcases.TestCase112_PriceWithGSTValidation_byClass_FAIL1_details')">PriceWithGSTValidation({CheckInDate="15/05/2016", Location=Sydney, ChildrenperRoom=2 - Two, CheckOutDate="18/05/2016", RoomType=Double,
                     AdultsperRoom=4 - Four, Numberroom=1-One, Hotels=Hotel Creek})
                  </a>
               </td>
               <td nowrap="true">20:17:15</td>
               <td nowrap="true" align="right">4s
                  
               </td>
               <td nowrap="true">
                  <a onclick="toggleDetailsVisibility('com.adactin.Testcases.TestCase112_PriceWithGSTValidation_byClass_FAIL1_exception')">java.lang.AssertionError: 
                     Final Billed Price calculated is not proper.Actual Price:AUD $ 753.5 Expected Price:AUD $742.5 expected [true] but found [false]
                     
                  </a>
                   
                  
               </td>
            </tr>
            <tr>
               <td colspan="4" class="detailsBox">
                  <div id="com.adactin.Testcases.TestCase112_PriceWithGSTValidation_byClass_FAIL1_details"
                       class="testMethodDetails">
                     <div>
                        <b>Name: </b>PriceWithGSTValidation
                     </div>
                     <div>
                        <b>Signature: </b>PriceWithGSTValidation(java.util.Hashtable)[pri:0, instance:com.adactin.Testcases.TestCase112@4eaf3684]
                     </div>
                     <div>
                        <b>Parameters: </b>
                        
                        {CheckInDate="15/05/2016", Location=Sydney, ChildrenperRoom=2 - Two, CheckOutDate="18/05/2016", RoomType=Double, AdultsperRoom=4
                        - Four, Numberroom=1-One, Hotels=Hotel Creek}
                        
                        
                     </div>
                     <div>
                        <b>Start time: </b>20:17:15
                     </div>
                     <div>
                        <b>End time: </b>20:17:20
                     </div>
                     <div>
                        <b>Duration: </b>4s
                        
                     </div>
                  </div>
               </td>
            </tr>
            <tr>
               <td colspan="4" class="detailsBox">
                  <div id="com.adactin.Testcases.TestCase112_PriceWithGSTValidation_byClass_FAIL1_exception"
                       class="testMethodDetails">
                     <pre style="padding: 5px; margin: 0;">java.lang.AssertionError: Final Billed Price calculated is not proper.Actual Price:AUD $ 753.5 Expected Price:AUD $742.5 expected
                        [true] but found [false]
                        	at org.testng.Assert.fail(Assert.java:94)
                        	at org.testng.Assert.failNotEquals(Assert.java:513)
                        	at org.testng.Assert.assertTrue(Assert.java:42)
                        	at com.adactin.Testcases.TestCase112.PriceWithGSTValidation(TestCase112.java:48)
                        	at sun.reflect.NativeMethodAccessorImpl.invoke0(Native Method)
                        	at sun.reflect.NativeMethodAccessorImpl.invoke(Unknown Source)
                        	at sun.reflect.DelegatingMethodAccessorImpl.invoke(Unknown Source)
                        	at java.lang.reflect.Method.invoke(Unknown Source)
                        	at org.testng.internal.MethodInvocationHelper.invokeMethod(MethodInvocationHelper.java:100)
                        	at org.testng.internal.Invoker.invokeMethod(Invoker.java:646)
                        	at org.testng.internal.Invoker.invokeTestMethod(Invoker.java:811)
                        	at org.testng.internal.Invoker.invokeTestMethods(Invoker.java:1129)
                        	at org.testng.internal.TestMethodWorker.invokeTestMethods(TestMethodWorker.java:129)
                        	at org.testng.internal.TestMethodWorker.run(TestMethodWorker.java:112)
                        	at org.testng.TestRunner.privateRun(TestRunner.java:746)
                        	at org.testng.TestRunner.run(TestRunner.java:600)
                        	at org.testng.SuiteRunner.runTest(SuiteRunner.java:366)
                        	at org.testng.SuiteRunner.runSequentially(SuiteRunner.java:361)
                        	at org.testng.SuiteRunner.privateRun(SuiteRunner.java:319)
                        	at org.testng.SuiteRunner.run(SuiteRunner.java:268)
                        	at org.testng.SuiteRunnerWorker.runSuite(SuiteRunnerWorker.java:52)
                        	at org.testng.SuiteRunnerWorker.run(SuiteRunnerWorker.java:86)
                        	at org.testng.TestNG.runSuitesSequentially(TestNG.java:1264)
                        	at org.testng.TestNG.runSuitesLocally(TestNG.java:1189)
                        	at org.testng.TestNG.runSuites(TestNG.java:1104)
                        	at org.testng.TestNG.run(TestNG.java:1076)
                        	at org.testng.TestNG.privateMain(TestNG.java:1405)
                        	at org.testng.TestNG.main(TestNG.java:1374)
                     </pre>
                  </div>
               </td>
            </tr>
         </table>
         <br></br>
         <table class="testMethodsTable" cellpadding="0" cellspacing="0">
            <tr>
               <td colspan="4">
                  <h3 style="display: inline;">com.adactin.Testcases.TestCase113</h3>
               </td>
            </tr>
            <tr class="methodsTableHeader">
               <td width="100%">Name</td>
               <td nowrap="true">Started</td>
               <td nowrap="true">Duration</td>
               <td>Exception</td>
            </tr>
            <tr id="com.adactin.Testcases.TestCase113_PastDateEntry_byClass_FAIL1_row"
                class="testMethodStatusFAIL">
               <td width="100%" class="firstMethodCell">
                  <a onclick="toggleDetailsVisibility('com.adactin.Testcases.TestCase113_PastDateEntry_byClass_FAIL1_details')">PastDateEntry({CheckInDate="15/05/2016", Location=Sydney, ChildrenperRoom=2 - Two, CheckOutDate="18/05/2016", RoomType=Double,
                     AdultsperRoom=4 - Four, Numberroom=1-One, Hotels=Hotel Creek})
                  </a>
               </td>
               <td nowrap="true">20:17:20</td>
               <td nowrap="true" align="right">4s
                  
               </td>
               <td nowrap="true">
                  <a onclick="toggleDetailsVisibility('com.adactin.Testcases.TestCase113_PastDateEntry_byClass_FAIL1_exception')">java.lang.AssertionError: 
                     1 Rooms is expected and actual result is 1 Room(s) expected [true] but found [false]
                     
                  </a>
                   
                  
               </td>
            </tr>
            <tr>
               <td colspan="4" class="detailsBox">
                  <div id="com.adactin.Testcases.TestCase113_PastDateEntry_byClass_FAIL1_details"
                       class="testMethodDetails">
                     <div>
                        <b>Name: </b>PastDateEntry
                     </div>
                     <div>
                        <b>Signature: </b>PastDateEntry(java.util.Hashtable)[pri:0, instance:com.adactin.Testcases.TestCase113@40317ba2]
                     </div>
                     <div>
                        <b>Parameters: </b>
                        
                        {CheckInDate="15/05/2016", Location=Sydney, ChildrenperRoom=2 - Two, CheckOutDate="18/05/2016", RoomType=Double, AdultsperRoom=4
                        - Four, Numberroom=1-One, Hotels=Hotel Creek}
                        
                        
                     </div>
                     <div>
                        <b>Start time: </b>20:17:20
                     </div>
                     <div>
                        <b>End time: </b>20:17:24
                     </div>
                     <div>
                        <b>Duration: </b>4s
                        
                     </div>
                  </div>
               </td>
            </tr>
            <tr>
               <td colspan="4" class="detailsBox">
                  <div id="com.adactin.Testcases.TestCase113_PastDateEntry_byClass_FAIL1_exception"
                       class="testMethodDetails">
                     <pre style="padding: 5px; margin: 0;">java.lang.AssertionError: 1 Rooms is expected and actual result is 1 Room(s) expected [true] but found [false]
                        	at org.testng.Assert.fail(Assert.java:94)
                        	at org.testng.Assert.failNotEquals(Assert.java:513)
                        	at org.testng.Assert.assertTrue(Assert.java:42)
                        	at com.adactin.Testcases.TestCase113.PastDateEntry(TestCase113.java:63)
                        	at sun.reflect.NativeMethodAccessorImpl.invoke0(Native Method)
                        	at sun.reflect.NativeMethodAccessorImpl.invoke(Unknown Source)
                        	at sun.reflect.DelegatingMethodAccessorImpl.invoke(Unknown Source)
                        	at java.lang.reflect.Method.invoke(Unknown Source)
                        	at org.testng.internal.MethodInvocationHelper.invokeMethod(MethodInvocationHelper.java:100)
                        	at org.testng.internal.Invoker.invokeMethod(Invoker.java:646)
                        	at org.testng.internal.Invoker.invokeTestMethod(Invoker.java:811)
                        	at org.testng.internal.Invoker.invokeTestMethods(Invoker.java:1129)
                        	at org.testng.internal.TestMethodWorker.invokeTestMethods(TestMethodWorker.java:129)
                        	at org.testng.internal.TestMethodWorker.run(TestMethodWorker.java:112)
                        	at org.testng.TestRunner.privateRun(TestRunner.java:746)
                        	at org.testng.TestRunner.run(TestRunner.java:600)
                        	at org.testng.SuiteRunner.runTest(SuiteRunner.java:366)
                        	at org.testng.SuiteRunner.runSequentially(SuiteRunner.java:361)
                        	at org.testng.SuiteRunner.privateRun(SuiteRunner.java:319)
                        	at org.testng.SuiteRunner.run(SuiteRunner.java:268)
                        	at org.testng.SuiteRunnerWorker.runSuite(SuiteRunnerWorker.java:52)
                        	at org.testng.SuiteRunnerWorker.run(SuiteRunnerWorker.java:86)
                        	at org.testng.TestNG.runSuitesSequentially(TestNG.java:1264)
                        	at org.testng.TestNG.runSuitesLocally(TestNG.java:1189)
                        	at org.testng.TestNG.runSuites(TestNG.java:1104)
                        	at org.testng.TestNG.run(TestNG.java:1076)
                        	at org.testng.TestNG.privateMain(TestNG.java:1405)
                        	at org.testng.TestNG.main(TestNG.java:1374)
                     </pre>
                  </div>
               </td>
            </tr>
         </table>
         <br></br>
         <table class="testMethodsTable" cellpadding="0" cellspacing="0">
            <tr>
               <td colspan="4">
                  <h3 style="display: inline;">com.adactin.Testcases.TestCase114</h3>
               </td>
            </tr>
            <tr class="methodsTableHeader">
               <td width="100%">Name</td>
               <td nowrap="true">Started</td>
               <td nowrap="true">Duration</td>
               <td>Exception</td>
            </tr>
            <tr id="com.adactin.Testcases.TestCase114_loginandSearchhotels_byClass_PASS1_row"
                class="testMethodStatusPASS">
               <td width="100%" class="firstMethodCell">
                  <a onclick="toggleDetailsVisibility('com.adactin.Testcases.TestCase114_loginandSearchhotels_byClass_PASS1_details')">loginandSearchhotels({CheckInDate="15/05/2016", Location=Sydney, ChildrenperRoom=2 - Two, CheckOutDate="18/05/2016", RoomType=Double,
                     AdultsperRoom=4 - Four, Numberroom=1-One, Hotels=Hotel Creek})
                  </a>
               </td>
               <td nowrap="true">20:17:24</td>
               <td nowrap="true" align="right">4s
                  
               </td>
               <td nowrap="true">
                   
                  
               </td>
            </tr>
            <tr>
               <td colspan="4" class="detailsBox">
                  <div id="com.adactin.Testcases.TestCase114_loginandSearchhotels_byClass_PASS1_details"
                       class="testMethodDetails">
                     <div>
                        <b>Name: </b>loginandSearchhotels
                     </div>
                     <div>
                        <b>Signature: </b>loginandSearchhotels(java.util.Hashtable)[pri:1, instance:com.adactin.Testcases.TestCase114@3c01cfa1]
                     </div>
                     <div>
                        <b>Parameters: </b>
                        
                        {CheckInDate="15/05/2016", Location=Sydney, ChildrenperRoom=2 - Two, CheckOutDate="18/05/2016", RoomType=Double, AdultsperRoom=4
                        - Four, Numberroom=1-One, Hotels=Hotel Creek}
                        
                        
                     </div>
                     <div>
                        <b>Start time: </b>20:17:24
                     </div>
                     <div>
                        <b>End time: </b>20:17:27
                     </div>
                     <div>
                        <b>Duration: </b>4s
                        
                     </div>
                  </div>
               </td>
            </tr>
            <tr></tr>
            <tr id="com.adactin.Testcases.TestCase114_OrderNumberVerification_byClass_PASS2_row"
                class="testMethodStatusPASS">
               <td width="100%" class="firstMethodCell">
                  <a onclick="toggleDetailsVisibility('com.adactin.Testcases.TestCase114_OrderNumberVerification_byClass_PASS2_details')">OrderNumberVerification({BillingAddr=54 Mons road, FirstName=Johan, CVV=123.0, LastName=Cors, CreditCardNo=1.23456781234567E15,
                     CreditCardType=VISA, ExpiryYear=2017.0, ExpiryMonth=March})
                  </a>
               </td>
               <td nowrap="true">20:17:27</td>
               <td nowrap="true" align="right">8s
                  
               </td>
               <td nowrap="true">
                   
                  
               </td>
            </tr>
            <tr>
               <td colspan="4" class="detailsBox">
                  <div id="com.adactin.Testcases.TestCase114_OrderNumberVerification_byClass_PASS2_details"
                       class="testMethodDetails">
                     <div>
                        <b>Name: </b>OrderNumberVerification
                     </div>
                     <div>
                        <b>Signature: </b>OrderNumberVerification(java.util.Hashtable)[pri:2, instance:com.adactin.Testcases.TestCase114@3c01cfa1]
                     </div>
                     <div>
                        <b>Parameters: </b>
                        
                        {BillingAddr=54 Mons road, FirstName=Johan, CVV=123.0, LastName=Cors, CreditCardNo=1.23456781234567E15, CreditCardType=VISA,
                        ExpiryYear=2017.0, ExpiryMonth=March}
                        
                        
                     </div>
                     <div>
                        <b>Start time: </b>20:17:27
                     </div>
                     <div>
                        <b>End time: </b>20:17:35
                     </div>
                     <div>
                        <b>Duration: </b>8s
                        
                     </div>
                  </div>
               </td>
            </tr>
            <tr></tr>
         </table>
         <br></br>
         <table class="testMethodsTable" cellpadding="0" cellspacing="0">
            <tr>
               <td colspan="4">
                  <h3 style="display: inline;">com.adactin.Testcases.TestCase115</h3>
               </td>
            </tr>
            <tr class="methodsTableHeader">
               <td width="100%">Name</td>
               <td nowrap="true">Started</td>
               <td nowrap="true">Duration</td>
               <td>Exception</td>
            </tr>
            <tr id="com.adactin.Testcases.TestCase115_loginandSearchhotels_byClass_FAIL1_row"
                class="testMethodStatusFAIL">
               <td width="100%" class="firstMethodCell">
                  <a onclick="toggleDetailsVisibility('com.adactin.Testcases.TestCase115_loginandSearchhotels_byClass_FAIL1_details')">loginandSearchhotels({OrderNumber=Cancel LI5R917TTA})</a>
               </td>
               <td nowrap="true">20:17:35</td>
               <td nowrap="true" align="right">5s
                  
               </td>
               <td nowrap="true">
                  <a onclick="toggleDetailsVisibility('com.adactin.Testcases.TestCase115_loginandSearchhotels_byClass_FAIL1_exception')">java.lang.AssertionError: 
                     The following asserts failed:
                     	The iternary details for the order: Cancel LI5R917TTA are ediatble for the field 18/05/2016 expected [false] but found [true],
                     	The iternary details for the order: Cancel LI5R917TTA are ediatble for the field LI5R917TTA expected [false] but found [true],
                     	The iternary details for the order: Cancel LI5R917TTA are ediatble for the field 1 Rooms expected [false] but found [true],
                     	The iternary details for the order: Cancel LI5R917TTA are ediatble for the field Cors expected [false] but found [true],
                     	The iternary details for the order: Cancel LI5R917TTA are ediatble for the field Double expected [false] but found [true],
                     	The iternary details for the order: Cancel LI5R917TTA are ediatble for the field 3 Days expected [false] but found [true],
                     	The iternary details for the order: Cancel LI5R917TTA are ediatble for the field Hotel Creek expected [false] but found [true],
                     	The iternary details for the order: Cancel LI5R917TTA are ediatble for the field Johan expected [false] but found [true],
                     	The iternary details for the order: Cancel LI5R917TTA are ediatble for the field 15/05/2016 expected [false] but found [true],
                     	The iternary details for the order: Cancel LI5R917TTA are ediatble for the field AUD $ 225 expected [false] but found [true],
                     	The iternary details for the order: Cancel LI5R917TTA are ediatble for the field 142997 expected [false] but found [true],
                     	The iternary details for the order: Cancel LI5R917TTA are ediatble for the field AUD $ 754 expected [false] but found [true],
                     	The iternary details for the order: Cancel LI5R917TTA are ediatble for the field Cancel LI5R917TTA expected [false] but found
                     [true],
                     	The iternary details for the order: Cancel LI5R917TTA are ediatble for the field Sydney expected [false] but found [true]
                     
                  </a>
                   
                  
               </td>
            </tr>
            <tr>
               <td colspan="4" class="detailsBox">
                  <div id="com.adactin.Testcases.TestCase115_loginandSearchhotels_byClass_FAIL1_details"
                       class="testMethodDetails">
                     <div>
                        <b>Name: </b>loginandSearchhotels
                     </div>
                     <div>
                        <b>Signature: </b>loginandSearchhotels(java.util.Hashtable)[pri:0, instance:com.adactin.Testcases.TestCase115@45d2ade3]
                     </div>
                     <div>
                        <b>Parameters: </b>
                        
                        {OrderNumber=Cancel LI5R917TTA}
                        
                        
                     </div>
                     <div>
                        <b>Start time: </b>20:17:35
                     </div>
                     <div>
                        <b>End time: </b>20:17:40
                     </div>
                     <div>
                        <b>Duration: </b>5s
                        
                     </div>
                  </div>
               </td>
            </tr>
            <tr>
               <td colspan="4" class="detailsBox">
                  <div id="com.adactin.Testcases.TestCase115_loginandSearchhotels_byClass_FAIL1_exception"
                       class="testMethodDetails">
                     <pre style="padding: 5px; margin: 0;">java.lang.AssertionError: The following asserts failed:
                        	The iternary details for the order: Cancel LI5R917TTA are ediatble for the field 18/05/2016 expected [false] but found [true],
                        	The iternary details for the order: Cancel LI5R917TTA are ediatble for the field LI5R917TTA expected [false] but found [true],
                        	The iternary details for the order: Cancel LI5R917TTA are ediatble for the field 1 Rooms expected [false] but found [true],
                        	The iternary details for the order: Cancel LI5R917TTA are ediatble for the field Cors expected [false] but found [true],
                        	The iternary details for the order: Cancel LI5R917TTA are ediatble for the field Double expected [false] but found [true],
                        	The iternary details for the order: Cancel LI5R917TTA are ediatble for the field 3 Days expected [false] but found [true],
                        	The iternary details for the order: Cancel LI5R917TTA are ediatble for the field Hotel Creek expected [false] but found [true],
                        	The iternary details for the order: Cancel LI5R917TTA are ediatble for the field Johan expected [false] but found [true],
                        	The iternary details for the order: Cancel LI5R917TTA are ediatble for the field 15/05/2016 expected [false] but found [true],
                        	The iternary details for the order: Cancel LI5R917TTA are ediatble for the field AUD $ 225 expected [false] but found [true],
                        	The iternary details for the order: Cancel LI5R917TTA are ediatble for the field 142997 expected [false] but found [true],
                        	The iternary details for the order: Cancel LI5R917TTA are ediatble for the field AUD $ 754 expected [false] but found [true],
                        	The iternary details for the order: Cancel LI5R917TTA are ediatble for the field Cancel LI5R917TTA expected [false] but found
                        [true],
                        	The iternary details for the order: Cancel LI5R917TTA are ediatble for the field Sydney expected [false] but found [true]
                        	at org.testng.asserts.SoftAssert.assertAll(SoftAssert.java:43)
                        	at com.adactin.Testcases.TestCase115.loginandSearchhotels(TestCase115.java:41)
                        	at sun.reflect.NativeMethodAccessorImpl.invoke0(Native Method)
                        	at sun.reflect.NativeMethodAccessorImpl.invoke(Unknown Source)
                        	at sun.reflect.DelegatingMethodAccessorImpl.invoke(Unknown Source)
                        	at java.lang.reflect.Method.invoke(Unknown Source)
                        	at org.testng.internal.MethodInvocationHelper.invokeMethod(MethodInvocationHelper.java:100)
                        	at org.testng.internal.Invoker.invokeMethod(Invoker.java:646)
                        	at org.testng.internal.Invoker.invokeTestMethod(Invoker.java:811)
                        	at org.testng.internal.Invoker.invokeTestMethods(Invoker.java:1129)
                        	at org.testng.internal.TestMethodWorker.invokeTestMethods(TestMethodWorker.java:129)
                        	at org.testng.internal.TestMethodWorker.run(TestMethodWorker.java:112)
                        	at org.testng.TestRunner.privateRun(TestRunner.java:746)
                        	at org.testng.TestRunner.run(TestRunner.java:600)
                        	at org.testng.SuiteRunner.runTest(SuiteRunner.java:366)
                        	at org.testng.SuiteRunner.runSequentially(SuiteRunner.java:361)
                        	at org.testng.SuiteRunner.privateRun(SuiteRunner.java:319)
                        	at org.testng.SuiteRunner.run(SuiteRunner.java:268)
                        	at org.testng.SuiteRunnerWorker.runSuite(SuiteRunnerWorker.java:52)
                        	at org.testng.SuiteRunnerWorker.run(SuiteRunnerWorker.java:86)
                        	at org.testng.TestNG.runSuitesSequentially(TestNG.java:1264)
                        	at org.testng.TestNG.runSuitesLocally(TestNG.java:1189)
                        	at org.testng.TestNG.runSuites(TestNG.java:1104)
                        	at org.testng.TestNG.run(TestNG.java:1076)
                        	at org.testng.TestNG.privateMain(TestNG.java:1405)
                        	at org.testng.TestNG.main(TestNG.java:1374)
                     </pre>
                  </div>
               </td>
            </tr>
         </table>
         <br></br>
         <table class="testMethodsTable" cellpadding="0" cellspacing="0">
            <tr>
               <td colspan="4">
                  <h3 style="display: inline;">com.adactin.Testcases.TestCase116</h3>
               </td>
            </tr>
            <tr class="methodsTableHeader">
               <td width="100%">Name</td>
               <td nowrap="true">Started</td>
               <td nowrap="true">Duration</td>
               <td>Exception</td>
            </tr>
            <tr id="com.adactin.Testcases.TestCase116_loginandSearchhotels_byClass_PASS1_row"
                class="testMethodStatusPASS">
               <td width="100%" class="firstMethodCell">
                  <a onclick="toggleDetailsVisibility('com.adactin.Testcases.TestCase116_loginandSearchhotels_byClass_PASS1_details')">loginandSearchhotels({CheckInDate="15/05/2016", Location=Sydney, ChildrenperRoom=2 - Two, CheckOutDate="18/05/2016", RoomType=Double,
                     AdultsperRoom=4 - Four, Numberroom=1-One, Hotels=Hotel Creek})
                  </a>
               </td>
               <td nowrap="true">20:17:40</td>
               <td nowrap="true" align="right">3s
                  
               </td>
               <td nowrap="true">
                   
                  
               </td>
            </tr>
            <tr>
               <td colspan="4" class="detailsBox">
                  <div id="com.adactin.Testcases.TestCase116_loginandSearchhotels_byClass_PASS1_details"
                       class="testMethodDetails">
                     <div>
                        <b>Name: </b>loginandSearchhotels
                     </div>
                     <div>
                        <b>Signature: </b>loginandSearchhotels(java.util.Hashtable)[pri:1, instance:com.adactin.Testcases.TestCase116@727eb8cb]
                     </div>
                     <div>
                        <b>Parameters: </b>
                        
                        {CheckInDate="15/05/2016", Location=Sydney, ChildrenperRoom=2 - Two, CheckOutDate="18/05/2016", RoomType=Double, AdultsperRoom=4
                        - Four, Numberroom=1-One, Hotels=Hotel Creek}
                        
                        
                     </div>
                     <div>
                        <b>Start time: </b>20:17:40
                     </div>
                     <div>
                        <b>End time: </b>20:17:43
                     </div>
                     <div>
                        <b>Duration: </b>3s
                        
                     </div>
                  </div>
               </td>
            </tr>
            <tr></tr>
            <tr id="com.adactin.Testcases.TestCase116_CompareBookedWithItenary_byClass_FAIL2_row"
                class="testMethodStatusFAIL">
               <td width="100%" class="firstMethodCell">
                  <a onclick="toggleDetailsVisibility('com.adactin.Testcases.TestCase116_CompareBookedWithItenary_byClass_FAIL2_details')">CompareBookedWithItenary({BillingAddr=54 Mons road, FirstName=Johan, CVV=123.0, LastName=Cors, CreditCardNo=1.23456781234567E15,
                     CreditCardType=VISA, ExpiryYear=2017.0, ExpiryMonth=March})
                  </a>
               </td>
               <td nowrap="true">20:17:43</td>
               <td nowrap="true" align="right">11s
                  
               </td>
               <td nowrap="true">
                  <a onclick="toggleDetailsVisibility('com.adactin.Testcases.TestCase116_CompareBookedWithItenary_byClass_FAIL2_exception')">java.lang.AssertionError: 
                     The following asserts failed:
                     	Rooms does not match:Bookdetails=1 Room(s) Itenarydetails=1 Rooms expected [true] but found [false],
                     	Last name does not match:Bookdetails= Itenarydetails=Cors expected [true] but found [false],
                     	Room type does not match:Bookdetails=Deluxe Itenarydetails=Double expected [true] but found [false],
                     	Total price with gst does not match:Bookdetails=AUD $ 753.5 Itenarydetails=AUD $ 754 expected [true] but found [false]
                     
                  </a>
                   
                  
               </td>
            </tr>
            <tr>
               <td colspan="4" class="detailsBox">
                  <div id="com.adactin.Testcases.TestCase116_CompareBookedWithItenary_byClass_FAIL2_details"
                       class="testMethodDetails">
                     <div>
                        <b>Name: </b>CompareBookedWithItenary
                     </div>
                     <div>
                        <b>Signature: </b>CompareBookedWithItenary(java.util.Hashtable)[pri:2, instance:com.adactin.Testcases.TestCase116@727eb8cb]
                     </div>
                     <div>
                        <b>Parameters: </b>
                        
                        {BillingAddr=54 Mons road, FirstName=Johan, CVV=123.0, LastName=Cors, CreditCardNo=1.23456781234567E15, CreditCardType=VISA,
                        ExpiryYear=2017.0, ExpiryMonth=March}
                        
                        
                     </div>
                     <div>
                        <b>Start time: </b>20:17:43
                     </div>
                     <div>
                        <b>End time: </b>20:17:55
                     </div>
                     <div>
                        <b>Duration: </b>11s
                        
                     </div>
                  </div>
               </td>
            </tr>
            <tr>
               <td colspan="4" class="detailsBox">
                  <div id="com.adactin.Testcases.TestCase116_CompareBookedWithItenary_byClass_FAIL2_exception"
                       class="testMethodDetails">
                     <pre style="padding: 5px; margin: 0;">java.lang.AssertionError: The following asserts failed:
                        	Rooms does not match:Bookdetails=1 Room(s) Itenarydetails=1 Rooms expected [true] but found [false],
                        	Last name does not match:Bookdetails= Itenarydetails=Cors expected [true] but found [false],
                        	Room type does not match:Bookdetails=Deluxe Itenarydetails=Double expected [true] but found [false],
                        	Total price with gst does not match:Bookdetails=AUD $ 753.5 Itenarydetails=AUD $ 754 expected [true] but found [false]
                        	at org.testng.asserts.SoftAssert.assertAll(SoftAssert.java:43)
                        	at com.adactin.Testcases.TestCase116.CompareBookedWithItenary(TestCase116.java:85)
                        	at sun.reflect.NativeMethodAccessorImpl.invoke0(Native Method)
                        	at sun.reflect.NativeMethodAccessorImpl.invoke(Unknown Source)
                        	at sun.reflect.DelegatingMethodAccessorImpl.invoke(Unknown Source)
                        	at java.lang.reflect.Method.invoke(Unknown Source)
                        	at org.testng.internal.MethodInvocationHelper.invokeMethod(MethodInvocationHelper.java:100)
                        	at org.testng.internal.Invoker.invokeMethod(Invoker.java:646)
                        	at org.testng.internal.Invoker.invokeTestMethod(Invoker.java:811)
                        	at org.testng.internal.Invoker.invokeTestMethods(Invoker.java:1129)
                        	at org.testng.internal.TestMethodWorker.invokeTestMethods(TestMethodWorker.java:129)
                        	at org.testng.internal.TestMethodWorker.run(TestMethodWorker.java:112)
                        	at org.testng.TestRunner.privateRun(TestRunner.java:746)
                        	at org.testng.TestRunner.run(TestRunner.java:600)
                        	at org.testng.SuiteRunner.runTest(SuiteRunner.java:366)
                        	at org.testng.SuiteRunner.runSequentially(SuiteRunner.java:361)
                        	at org.testng.SuiteRunner.privateRun(SuiteRunner.java:319)
                        	at org.testng.SuiteRunner.run(SuiteRunner.java:268)
                        	at org.testng.SuiteRunnerWorker.runSuite(SuiteRunnerWorker.java:52)
                        	at org.testng.SuiteRunnerWorker.run(SuiteRunnerWorker.java:86)
                        	at org.testng.TestNG.runSuitesSequentially(TestNG.java:1264)
                        	at org.testng.TestNG.runSuitesLocally(TestNG.java:1189)
                        	at org.testng.TestNG.runSuites(TestNG.java:1104)
                        	at org.testng.TestNG.run(TestNG.java:1076)
                        	at org.testng.TestNG.privateMain(TestNG.java:1405)
                        	at org.testng.TestNG.main(TestNG.java:1374)
                     </pre>
                  </div>
               </td>
            </tr>
         </table>
         <br></br>
         <table class="testMethodsTable" cellpadding="0" cellspacing="0">
            <tr>
               <td colspan="4">
                  <h3 style="display: inline;">com.adactin.Testcases.TestCase117</h3>
               </td>
            </tr>
            <tr class="methodsTableHeader">
               <td width="100%">Name</td>
               <td nowrap="true">Started</td>
               <td nowrap="true">Duration</td>
               <td>Exception</td>
            </tr>
            <tr id="com.adactin.Testcases.TestCase117_SearchOrderId_byClass_PASS1_row"
                class="testMethodStatusPASS">
               <td width="100%" class="firstMethodCell">
                  <a onclick="toggleDetailsVisibility('com.adactin.Testcases.TestCase117_SearchOrderId_byClass_PASS1_details')">SearchOrderId({OrderNumber=G353VBMMJX})</a>
               </td>
               <td nowrap="true">20:17:55</td>
               <td nowrap="true" align="right">8s
                  
               </td>
               <td nowrap="true">
                   
                  
               </td>
            </tr>
            <tr>
               <td colspan="4" class="detailsBox">
                  <div id="com.adactin.Testcases.TestCase117_SearchOrderId_byClass_PASS1_details"
                       class="testMethodDetails">
                     <div>
                        <b>Name: </b>SearchOrderId
                     </div>
                     <div>
                        <b>Signature: </b>SearchOrderId(java.util.Hashtable)[pri:0, instance:com.adactin.Testcases.TestCase117@39d9314d]
                     </div>
                     <div>
                        <b>Parameters: </b>
                        
                        {OrderNumber=G353VBMMJX}
                        
                        
                     </div>
                     <div>
                        <b>Start time: </b>20:17:55
                     </div>
                     <div>
                        <b>End time: </b>20:18:02
                     </div>
                     <div>
                        <b>Duration: </b>8s
                        
                     </div>
                  </div>
               </td>
            </tr>
            <tr></tr>
         </table>
         <br></br>
         <table class="testMethodsTable" cellpadding="0" cellspacing="0">
            <tr>
               <td colspan="4">
                  <h3 style="display: inline;">com.adactin.Testcases.TestCase119</h3>
               </td>
            </tr>
            <tr class="methodsTableHeader">
               <td width="100%">Name</td>
               <td nowrap="true">Started</td>
               <td nowrap="true">Duration</td>
               <td>Exception</td>
            </tr>
            <tr id="com.adactin.Testcases.TestCase119_SearchOrderId_byClass_PASS1_row"
                class="testMethodStatusPASS">
               <td width="100%" class="firstMethodCell">
                  <a onclick="toggleDetailsVisibility('com.adactin.Testcases.TestCase119_SearchOrderId_byClass_PASS1_details')">SearchOrderId()</a>
               </td>
               <td nowrap="true">20:18:02</td>
               <td nowrap="true" align="right">37s
                  
               </td>
               <td nowrap="true">
                   
                  
               </td>
            </tr>
            <tr>
               <td colspan="4" class="detailsBox">
                  <div id="com.adactin.Testcases.TestCase119_SearchOrderId_byClass_PASS1_details"
                       class="testMethodDetails">
                     <div>
                        <b>Name: </b>SearchOrderId
                     </div>
                     <div>
                        <b>Signature: </b>SearchOrderId()[pri:0, instance:com.adactin.Testcases.TestCase119@b978d10]
                     </div>
                     <div>
                        <b>Start time: </b>20:18:02
                     </div>
                     <div>
                        <b>End time: </b>20:18:39
                     </div>
                     <div>
                        <b>Duration: </b>37s
                        
                     </div>
                  </div>
               </td>
            </tr>
            <tr></tr>
         </table>
         <br></br>
      </div>
      <div style="margin-top: 15px; color: gray; text-align: center; font-size: 9px;">
         Generated with
         
         <a href="http://code.google.com/p/testng-xslt/" style="color: #8888aa;"
            target="_blank">
            TestNG XSLT
            
         </a>
      </div>
   </body>
</html>