<?xml version="1.0" encoding="UTF-8"?>
<!-- Generated by org.testng.reporters.JUnitXMLReporter -->
<testsuite hostname="DESKTOP-7I28866" name="TestCase111" tests="2" failures="1" timestamp="20 Jul 2016 03:01:24 GMT" time="6.486" errors="0">
  <testcase name="PastDateEntry" time="6.458" classname="com.adactin.Testcases.TestCase111">
    <failure type="java.lang.AssertionError" message="The expected data is:Hotel Creek. But the Actaul data:Hotel Creek expected [true] but found [false]">
      <![CDATA[java.lang.AssertionError: The expected data is:Hotel Creek. But the Actaul data:Hotel Creek expected [true] but found [false]
	at com.adactin.Testcases.TestCase111.PastDateEntry(TestCase111.java:55)
... Removed 28 stack frames]]>
    </failure>
  </testcase> <!-- PastDateEntry -->
  <testcase name="checkasert" time="0.001" classname="com.adactin.Testcases.TestCase111"/>
</testsuite> <!-- TestCase111 -->
